#
# There is insufficient memory for the Java Runtime Environment to continue.
# Native memory allocation (malloc) failed to allocate 995136 bytes for Chunk::new
# Possible reasons:
#   The system is out of physical RAM or swap space
#   In 32 bit mode, the process size limit was hit
# Possible solutions:
#   Reduce memory load on the system
#   Increase physical memory or swap space
#   Check if swap backing store is full
#   Use 64 bit Java on a 64 bit OS
#   Decrease Java heap size (-Xmx/-Xms)
#   Decrease number of Java threads
#   Decrease Java thread stack sizes (-Xss)
#   Set larger code cache with -XX:ReservedCodeCacheSize=
# This output file may be truncated or incomplete.
#
#  Out of Memory Error (allocation.cpp:390), pid=5772, tid=0x0000000000001398
#
# JRE version: Java(TM) SE Runtime Environment (8.0_121-b13) (build 1.8.0_121-b13)
# Java VM: Java HotSpot(TM) 64-Bit Server VM (25.121-b13 mixed mode windows-amd64 compressed oops)
# Failed to write core dump. Minidumps are not enabled by default on client versions of Windows
#

---------------  T H R E A D  ---------------

Current thread (0x000000001e76a800):  JavaThread "C2 CompilerThread1" daemon [_thread_in_native, id=5016, stack(0x000000001f040000,0x000000001f140000)]

Stack: [0x000000001f040000,0x000000001f140000]
[error occurred during error reporting (printing stack bounds), id 0xc0000005]

Native frames: (J=compiled Java code, j=interpreted, Vv=VM code, C=native code)


Current CompileTask:
C2:   8087 2199       4       com.fasterxml.jackson.databind.type.TypeFactory::_fromClass (305 bytes)


---------------  P R O C E S S  ---------------

Java Threads: ( => current thread )
  0x000000001ff9e800 JavaThread "Keep-Alive-Timer" daemon [_thread_blocked, id=6272, stack(0x0000000021650000,0x0000000021750000)]
  0x000000001e7ff000 JavaThread "Service Thread" daemon [_thread_blocked, id=12156, stack(0x000000001f340000,0x000000001f440000)]
  0x000000001e773800 JavaThread "C1 CompilerThread3" daemon [_thread_blocked, id=8140, stack(0x000000001f240000,0x000000001f340000)]
  0x000000001e770000 JavaThread "C2 CompilerThread2" daemon [_thread_in_native, id=12976, stack(0x000000001f140000,0x000000001f240000)]
=>0x000000001e76a800 JavaThread "C2 CompilerThread1" daemon [_thread_in_native, id=5016, stack(0x000000001f040000,0x000000001f140000)]
  0x000000001e768000 JavaThread "C2 CompilerThread0" daemon [_thread_in_native, id=7980, stack(0x000000001ef40000,0x000000001f040000)]
  0x000000001e767000 JavaThread "Attach Listener" daemon [_thread_blocked, id=5876, stack(0x000000001ee40000,0x000000001ef40000)]
  0x000000001e766000 JavaThread "Signal Dispatcher" daemon [_thread_blocked, id=10048, stack(0x000000001ed40000,0x000000001ee40000)]
  0x0000000002dbe000 JavaThread "Finalizer" daemon [_thread_blocked, id=8160, stack(0x000000001eb40000,0x000000001ec40000)]
  0x0000000002db7800 JavaThread "Reference Handler" daemon [_thread_blocked, id=1864, stack(0x000000001e640000,0x000000001e740000)]
  0x0000000002cc0800 JavaThread "main" [_thread_in_native, id=10560, stack(0x0000000002b00000,0x0000000002c00000)]

Other Threads:
  0x000000001c868800 VMThread [stack: 0x000000001e540000,0x000000001e640000] [id=9108]
  0x000000001e82b000 WatcherThread [stack: 0x000000001f440000,0x000000001f540000] [id=11620]

VM state:not at safepoint (normal execution)

VM Mutex/Monitor currently owned by a thread: None

Heap:
 PSYoungGen      total 76288K, used 64061K [0x000000076af00000, 0x0000000770400000, 0x00000007c0000000)
  eden space 65536K, 81% used [0x000000076af00000,0x000000076e314110,0x000000076ef00000)
  from space 10752K, 99% used [0x000000076ef00000,0x000000076f97b3f0,0x000000076f980000)
  to   space 10752K, 0% used [0x000000076f980000,0x000000076f980000,0x0000000770400000)
 ParOldGen       total 175104K, used 1900K [0x00000006c0c00000, 0x00000006cb700000, 0x000000076af00000)
  object space 175104K, 1% used [0x00000006c0c00000,0x00000006c0ddb2c0,0x00000006cb700000)
 Metaspace       used 17430K, capacity 17948K, committed 18048K, reserved 1064960K
  class space    used 2027K, capacity 2128K, committed 2176K, reserved 1048576K

Card table byte_map: [0x0000000012180000,0x0000000012980000] byte_map_base: 0x000000000eb7a000

Marking Bits: (ParMarkBitMap*) 0x0000000062afb6d0
 Begin Bits: [0x00000000136e0000, 0x00000000176b0000)
 End Bits:   [0x00000000176b0000, 0x000000001b680000)

Polling page: 0x00000000029c0000

CodeCache: size=245760Kb used=7840Kb max_used=7847Kb free=237919Kb
 bounds [0x0000000002dc0000, 0x0000000003580000, 0x0000000011dc0000]
 total_blobs=2665 nmethods=2269 adapters=308
 compilation: enabled

Compilation events (10 events):
Event: 8.068 Thread 0x000000001e773800 2271       3       com.fasterxml.jackson.databind.ser.std.NumberSerializers$IntegerSerializer::createContextual (7 bytes)
Event: 8.069 Thread 0x000000001e773800 nmethod 2271 0x0000000003554d10 code [0x0000000003554e80, 0x0000000003555008]
Event: 8.074 Thread 0x000000001e770000 nmethod 2266 0x000000000356ffd0 code [0x00000000035701c0, 0x0000000003570960]
Event: 8.074 Thread 0x000000001e770000 2267       4       com.fasterxml.jackson.databind.introspect.POJOPropertyBuilder::getMetadata (64 bytes)
Event: 8.076 Thread 0x000000001e773800 2274       3       java.lang.Class::getDeclaringClass (22 bytes)
Event: 8.076 Thread 0x000000001e773800 nmethod 2274 0x0000000003554310 code [0x00000000035544a0, 0x0000000003554828]
Event: 8.076 Thread 0x000000001e773800 2276       3       com.fasterxml.jackson.databind.util.TypeKey::equals (80 bytes)
Event: 8.076 Thread 0x000000001e773800 nmethod 2276 0x000000000356f6d0 code [0x000000000356f860, 0x000000000356fea8]
Event: 8.076 Thread 0x000000001e773800 2277       3       com.fasterxml.jackson.databind.SerializerProvider::isEnabled (9 bytes)
Event: 8.077 Thread 0x000000001e773800 nmethod 2277 0x000000000356f110 code [0x000000000356f280, 0x000000000356f5b0]

GC Heap History (2 events):
Event: 3.828 GC heap before
{Heap before GC invocations=1 (full 0):
 PSYoungGen      total 76288K, used 65536K [0x000000076af00000, 0x0000000770400000, 0x00000007c0000000)
  eden space 65536K, 100% used [0x000000076af00000,0x000000076ef00000,0x000000076ef00000)
  from space 10752K, 0% used [0x000000076f980000,0x000000076f980000,0x0000000770400000)
  to   space 10752K, 0% used [0x000000076ef00000,0x000000076ef00000,0x000000076f980000)
 ParOldGen       total 175104K, used 0K [0x00000006c0c00000, 0x00000006cb700000, 0x000000076af00000)
  object space 175104K, 0% used [0x00000006c0c00000,0x00000006c0c00000,0x00000006cb700000)
 Metaspace       used 14900K, capacity 15168K, committed 15488K, reserved 1062912K
  class space    used 1819K, capacity 1892K, committed 1920K, reserved 1048576K
Event: 3.836 GC heap after
Heap after GC invocations=1 (full 0):
 PSYoungGen      total 76288K, used 10732K [0x000000076af00000, 0x0000000770400000, 0x00000007c0000000)
  eden space 65536K, 0% used [0x000000076af00000,0x000000076af00000,0x000000076ef00000)
  from space 10752K, 99% used [0x000000076ef00000,0x000000076f97b3f0,0x000000076f980000)
  to   space 10752K, 0% used [0x000000076f980000,0x000000076f980000,0x0000000770400000)
 ParOldGen       total 175104K, used 1900K [0x00000006c0c00000, 0x00000006cb700000, 0x000000076af00000)
  object space 175104K, 1% used [0x00000006c0c00000,0x00000006c0ddb2c0,0x00000006cb700000)
 Metaspace       used 14900K, capacity 15168K, committed 15488K, reserved 1062912K
  class space    used 1819K, capacity 1892K, committed 1920K, reserved 1048576K
}

Deoptimization events (10 events):
Event: 6.259 Thread 0x0000000002cc0800 Uncommon trap: reason=class_check action=maybe_recompile pc=0x00000000033b3f78 method=com.fasterxml.jackson.databind.deser.SettableBeanProperty.deserialize(Lcom/fasterxml/jackson/core/JsonParser;Lcom/fasterxml/jackson/databind/DeserializationContext;)Ljav
Event: 6.259 Thread 0x0000000002cc0800 Uncommon trap: reason=class_check action=maybe_recompile pc=0x00000000033b3f78 method=com.fasterxml.jackson.databind.deser.SettableBeanProperty.deserialize(Lcom/fasterxml/jackson/core/JsonParser;Lcom/fasterxml/jackson/databind/DeserializationContext;)Ljav
Event: 6.650 Thread 0x0000000002cc0800 Uncommon trap: reason=class_check action=maybe_recompile pc=0x00000000033b3f78 method=com.fasterxml.jackson.databind.deser.SettableBeanProperty.deserialize(Lcom/fasterxml/jackson/core/JsonParser;Lcom/fasterxml/jackson/databind/DeserializationContext;)Ljav
Event: 6.650 Thread 0x0000000002cc0800 Uncommon trap: reason=class_check action=maybe_recompile pc=0x00000000033b4804 method=com.fasterxml.jackson.databind.deser.SettableBeanProperty.deserialize(Lcom/fasterxml/jackson/core/JsonParser;Lcom/fasterxml/jackson/databind/DeserializationContext;)Ljav
Event: 6.825 Thread 0x0000000002cc0800 Uncommon trap: reason=unstable_if action=reinterpret pc=0x0000000003400a3c method=com.fasterxml.jackson.databind.deser.impl.BeanPropertyMap._find2(Ljava/lang/String;ILjava/lang/Object;)Lcom/fasterxml/jackson/databind/deser/SettableBeanProperty; @ 94
Event: 6.825 Thread 0x0000000002cc0800 Uncommon trap: reason=unstable_if action=reinterpret pc=0x00000000034186ac method=com.fasterxml.jackson.core.sym.ByteQuadsCanonicalizer.findName(I)Ljava/lang/String; @ 32
Event: 6.825 Thread 0x0000000002cc0800 Uncommon trap: reason=unstable_if action=reinterpret pc=0x00000000033f3ab8 method=com.fasterxml.jackson.databind.deser.impl.BeanPropertyMap._find2(Ljava/lang/String;ILjava/lang/Object;)Lcom/fasterxml/jackson/databind/deser/SettableBeanProperty; @ 94
Event: 6.825 Thread 0x0000000002cc0800 Uncommon trap: reason=unstable_if action=reinterpret pc=0x00000000033f59f4 method=com.fasterxml.jackson.databind.deser.impl.BeanPropertyMap._find2(Ljava/lang/String;ILjava/lang/Object;)Lcom/fasterxml/jackson/databind/deser/SettableBeanProperty; @ 94
Event: 7.658 Thread 0x0000000002cc0800 Uncommon trap: reason=unstable_if action=reinterpret pc=0x000000000342c758 method=com.fasterxml.jackson.core.json.UTF8StreamJsonParser.parseMediumName(I)Ljava/lang/String; @ 162
Event: 7.658 Thread 0x0000000002cc0800 Uncommon trap: reason=unstable_if action=reinterpret pc=0x00000000033f63c0 method=com.qat.samples.sysmgmt.util.model.TabelaEnum.enumForValue(Ljava/lang/Integer;)Lcom/qat/samples/sysmgmt/util/model/TabelaEnum; @ 28

Internal exceptions (10 events):
Event: 5.050 Thread 0x0000000002cc0800 Exception <a 'java/net/SocketTimeoutException': Read timed out> (0x000000076bf051e8) thrown at [C:\re\workspace\8-2-build-windows-amd64-cygwin\jdk8u121\8372\hotspot\src\share\vm\prims\jni.cpp, line 735]
Event: 5.095 Thread 0x0000000002cc0800 Exception <a 'java/net/SocketTimeoutException': Read timed out> (0x000000076bf60db8) thrown at [C:\re\workspace\8-2-build-windows-amd64-cygwin\jdk8u121\8372\hotspot\src\share\vm\prims\jni.cpp, line 735]
Event: 5.507 Thread 0x0000000002cc0800 Exception <a 'java/net/SocketTimeoutException': Read timed out> (0x000000076c532e80) thrown at [C:\re\workspace\8-2-build-windows-amd64-cygwin\jdk8u121\8372\hotspot\src\share\vm\prims\jni.cpp, line 735]
Event: 5.707 Thread 0x0000000002cc0800 Implicit null exception at 0x00000000033b66c5 to 0x00000000033b6a2d
Event: 5.710 Thread 0x0000000002cc0800 Exception <a 'java/net/SocketTimeoutException': Read timed out> (0x000000076c560ad8) thrown at [C:\re\workspace\8-2-build-windows-amd64-cygwin\jdk8u121\8372\hotspot\src\share\vm\prims\jni.cpp, line 735]
Event: 5.805 Thread 0x0000000002cc0800 Exception <a 'java/net/SocketTimeoutException': Read timed out> (0x000000076c5fbee0) thrown at [C:\re\workspace\8-2-build-windows-amd64-cygwin\jdk8u121\8372\hotspot\src\share\vm\prims\jni.cpp, line 735]
Event: 6.725 Thread 0x0000000002cc0800 Exception <a 'java/net/SocketTimeoutException': Read timed out> (0x000000076cdf3120) thrown at [C:\re\workspace\8-2-build-windows-amd64-cygwin\jdk8u121\8372\hotspot\src\share\vm\prims\jni.cpp, line 735]
Event: 6.827 Thread 0x0000000002cc0800 Exception <a 'java/net/SocketTimeoutException': Read timed out> (0x000000076ce65798) thrown at [C:\re\workspace\8-2-build-windows-amd64-cygwin\jdk8u121\8372\hotspot\src\share\vm\prims\jni.cpp, line 735]
Event: 7.771 Thread 0x0000000002cc0800 Exception <a 'java/net/SocketTimeoutException': Read timed out> (0x000000076da4a950) thrown at [C:\re\workspace\8-2-build-windows-amd64-cygwin\jdk8u121\8372\hotspot\src\share\vm\prims\jni.cpp, line 735]
Event: 7.848 Thread 0x0000000002cc0800 Exception <a 'java/net/SocketTimeoutException': Read timed out> (0x000000076da91e68) thrown at [C:\re\workspace\8-2-build-windows-amd64-cygwin\jdk8u121\8372\hotspot\src\share\vm\prims\jni.cpp, line 735]

Events (10 events):
Event: 7.969 loading class com/qat/samples/sysmgmt/clinica/model/Resultado
Event: 7.969 loading class com/qat/samples/sysmgmt/clinica/model/Resultado done
Event: 7.973 loading class com/qat/samples/sysmgmt/clinica/model/EspecialidadePessoa
Event: 7.973 loading class com/qat/samples/sysmgmt/clinica/model/EspecialidadePessoa done
Event: 7.973 loading class com/qat/samples/sysmgmt/dp/model/HorarioFunc
Event: 7.973 loading class com/qat/samples/sysmgmt/dp/model/HorarioFunc done
Event: 7.995 loading class com/qat/samples/sysmgmt/clinica/model/Especialidade
Event: 7.995 loading class com/qat/samples/sysmgmt/clinica/model/Especialidade done
Event: 8.001 loading class com/qat/samples/sysmgmt/clinica/model/PlanoSaude
Event: 8.001 loading class com/qat/samples/sysmgmt/clinica/model/PlanoSaude done


Dynamic libraries:
0x00007ff75d7f0000 - 0x00007ff75d827000 	C:\jdk8\jre\bin\java.exe
0x00007ff877350000 - 0x00007ff877521000 	C:\WINDOWS\SYSTEM32\ntdll.dll
0x00007ff8757e0000 - 0x00007ff87588b000 	C:\WINDOWS\System32\KERNEL32.DLL
0x00007ff873b00000 - 0x00007ff873d1d000 	C:\WINDOWS\System32\KERNELBASE.dll
0x0000000062b80000 - 0x0000000062c2e000 	C:\Program Files\Bitdefender\Bitdefender 2017\Active Virus Control\Avc3_00110_004\avcuf64.dll
0x00007ff877160000 - 0x00007ff877202000 	C:\WINDOWS\System32\ADVAPI32.dll
0x00007ff874e90000 - 0x00007ff874f2e000 	C:\WINDOWS\System32\msvcrt.dll
0x00007ff874d60000 - 0x00007ff874db9000 	C:\WINDOWS\System32\sechost.dll
0x00007ff877220000 - 0x00007ff877341000 	C:\WINDOWS\System32\RPCRT4.dll
0x00007ff876e90000 - 0x00007ff876ff5000 	C:\WINDOWS\System32\USER32.dll
0x00007ff873840000 - 0x00007ff87385e000 	C:\WINDOWS\System32\win32u.dll
0x00007ff874bb0000 - 0x00007ff874be4000 	C:\WINDOWS\System32\GDI32.dll
0x00007ff873900000 - 0x00007ff873a82000 	C:\WINDOWS\System32\gdi32full.dll
0x00007ff86b9f0000 - 0x00007ff86bc6a000 	C:\WINDOWS\WinSxS\amd64_microsoft.windows.common-controls_6595b64144ccf1df_6.0.14393.953_none_42151e83c686086b\COMCTL32.dll
0x00007ff8748e0000 - 0x00007ff874ba8000 	C:\WINDOWS\System32\combase.dll
0x00007ff873d20000 - 0x00007ff873e15000 	C:\WINDOWS\System32\ucrtbase.dll
0x00007ff873a90000 - 0x00007ff873afa000 	C:\WINDOWS\System32\bcryptPrimitives.dll
0x00007ff8757b0000 - 0x00007ff8757de000 	C:\WINDOWS\System32\IMM32.DLL
0x0000000062200000 - 0x00000000622d2000 	C:\jdk8\jre\bin\msvcr100.dll
0x00000000622e0000 - 0x0000000062b7b000 	C:\jdk8\jre\bin\server\jvm.dll
0x00007ff874d50000 - 0x00007ff874d58000 	C:\WINDOWS\System32\PSAPI.DLL
0x00007ff864920000 - 0x00007ff864929000 	C:\WINDOWS\SYSTEM32\WSOCK32.dll
0x00007ff875890000 - 0x00007ff8758fa000 	C:\WINDOWS\System32\WS2_32.dll
0x00007ff871a10000 - 0x00007ff871a33000 	C:\WINDOWS\SYSTEM32\WINMM.dll
0x00007ff870c50000 - 0x00007ff870c5a000 	C:\WINDOWS\SYSTEM32\VERSION.dll
0x00007ff8719e0000 - 0x00007ff871a0b000 	C:\WINDOWS\SYSTEM32\WINMMBASE.dll
0x00007ff874890000 - 0x00007ff8748d2000 	C:\WINDOWS\System32\cfgmgr32.dll
0x00000000621f0000 - 0x00000000621ff000 	C:\jdk8\jre\bin\verify.dll
0x00000000621c0000 - 0x00000000621e9000 	C:\jdk8\jre\bin\java.dll
0x00000000621a0000 - 0x00000000621b6000 	C:\jdk8\jre\bin\zip.dll
0x00007ff875920000 - 0x00007ff876e29000 	C:\WINDOWS\System32\SHELL32.dll
0x00007ff873ed0000 - 0x00007ff8745aa000 	C:\WINDOWS\System32\windows.storage.dll
0x00007ff8737c0000 - 0x00007ff87380c000 	C:\WINDOWS\System32\powrprof.dll
0x00007ff876e30000 - 0x00007ff876e82000 	C:\WINDOWS\System32\shlwapi.dll
0x00007ff8737b0000 - 0x00007ff8737bf000 	C:\WINDOWS\System32\kernel.appcore.dll
0x00007ff8745b0000 - 0x00007ff874659000 	C:\WINDOWS\System32\shcore.dll
0x00007ff873820000 - 0x00007ff873834000 	C:\WINDOWS\System32\profapi.dll
0x0000000061f10000 - 0x0000000061f1d000 	C:\jdk8\jre\bin\management.dll
0x0000000062180000 - 0x000000006219a000 	C:\jdk8\jre\bin\net.dll
0x00007ff8730e0000 - 0x00007ff87313c000 	C:\WINDOWS\system32\mswsock.dll
0x00007ff861600000 - 0x00007ff861616000 	C:\WINDOWS\system32\napinsp.dll
0x00007ff861620000 - 0x00007ff86163a000 	C:\WINDOWS\system32\pnrpnsp.dll
0x00007ff870be0000 - 0x00007ff870bf8000 	C:\WINDOWS\system32\NLAapi.dll
0x00007ff872ea0000 - 0x00007ff872f41000 	C:\WINDOWS\SYSTEM32\DNSAPI.dll
0x00007ff8751d0000 - 0x00007ff8751d8000 	C:\WINDOWS\System32\NSI.dll
0x00007ff872e60000 - 0x00007ff872e98000 	C:\WINDOWS\SYSTEM32\IPHLPAPI.DLL
0x00007ff863930000 - 0x00007ff86393e000 	C:\WINDOWS\System32\winrnr.dll
0x00007ff861640000 - 0x00007ff861655000 	C:\WINDOWS\System32\wshbth.dll
0x00007ff86ed20000 - 0x00007ff86ed2a000 	C:\Windows\System32\rasadhlp.dll
0x00007ff86f690000 - 0x00007ff86f6fa000 	C:\WINDOWS\System32\fwpuclnt.dll
0x00007ff873630000 - 0x00007ff87365b000 	C:\WINDOWS\SYSTEM32\bcrypt.dll
0x0000000062160000 - 0x0000000062171000 	C:\jdk8\jre\bin\nio.dll

VM Arguments:
java_command: C:\QATEclipseWorkSpace\contabil-front\target\surefire\surefirebooter7339114794704042378.jar C:\QATEclipseWorkSpace\contabil-front\target\surefire\surefire4654197803044021989tmp C:\QATEclipseWorkSpace\contabil-front\target\surefire\surefire_02468624748940619199tmp
java_class_path (initial): C:\QATEclipseWorkSpace\contabil-front\target\surefire\surefirebooter7339114794704042378.jar
Launcher Type: SUN_STANDARD

Environment Variables:
JAVA_HOME=c:\jdk8
PATH=c:/jdk8/bin/../jre/bin/server;c:/jdk8/bin/../jre/bin;c:/jdk8/bin/../jre/lib/amd64;C:\WINDOWS\system32;C:\WINDOWS;C:\WINDOWS\System32\Wbem;C:\WINDOWS\System32\WindowsPowerShell\v1.0\;C:\Program Files (x86)\Skype\Phone\;c:\jdk8\bin;C:\Apache\apache-maven-3.3.9\bin;C:\Users\QAT-EMPLOYEE\AppData\Local\Microsoft\WindowsApps;;C:\eclipse;
USERNAME=QAT-EMPLOYEE
OS=Windows_NT
PROCESSOR_IDENTIFIER=Intel64 Family 6 Model 60 Stepping 3, GenuineIntel



---------------  S Y S T E M  ---------------

OS: Windows 10.0 , 64 bit Build 14393 (10.0.14393.0)

CPU:total 8 (4 cores per cpu, 2 threads per core) family 6 model 60 stepping 3, cmov, cx8, fxsr, mmx, sse, sse2, sse3, ssse3, sse4.1, sse4.2, popcnt, avx, avx2, aes, clmul, erms, lzcnt, ht, tsc, tscinvbit, bmi1, bmi2

Memory: 4k page, physical 16727240k(1826976k free), swap 16727240k(5248k free)

vm_info: Java HotSpot(TM) 64-Bit Server VM (25.121-b13) for windows-amd64 JRE (1.8.0_121-b13), built on Dec 12 2016 18:21:36 by "java_re" with MS VC++ 10.0 (VS2010)

time: Wed Mar 22 09:13:18 2017
elapsed time: 8 seconds (0d 0h 0m 8s)

