#
# There is insufficient memory for the Java Runtime Environment to continue.
# Native memory allocation (malloc) failed to allocate 65552 bytes for Chunk::new
# Possible reasons:
#   The system is out of physical RAM or swap space
#   In 32 bit mode, the process size limit was hit
# Possible solutions:
#   Reduce memory load on the system
#   Increase physical memory or swap space
#   Check if swap backing store is full
#   Use 64 bit Java on a 64 bit OS
#   Decrease Java heap size (-Xmx/-Xms)
#   Decrease number of Java threads
#   Decrease Java thread stack sizes (-Xss)
#   Set larger code cache with -XX:ReservedCodeCacheSize=
# This output file may be truncated or incomplete.
#
#  Out of Memory Error (allocation.cpp:390), pid=12928, tid=0x0000000000002c18
#
# JRE version: Java(TM) SE Runtime Environment (8.0_121-b13) (build 1.8.0_121-b13)
# Java VM: Java HotSpot(TM) 64-Bit Server VM (25.121-b13 mixed mode windows-amd64 compressed oops)
# Failed to write core dump. Minidumps are not enabled by default on client versions of Windows
#

---------------  T H R E A D  ---------------

Current thread (0x000000001e82b000):  JavaThread "C2 CompilerThread2" daemon [_thread_in_native, id=11288, stack(0x000000001f1f0000,0x000000001f2f0000)]

Stack: [0x000000001f1f0000,0x000000001f2f0000]
[error occurred during error reporting (printing stack bounds), id 0xc0000005]

Native frames: (J=compiled Java code, j=interpreted, Vv=VM code, C=native code)


Current CompileTask:
C2:  13422 3537       4       com.fasterxml.jackson.core.json.UTF8StreamJsonParser::addName (524 bytes)


---------------  P R O C E S S  ---------------

Java Threads: ( => current thread )
  0x0000000020b47800 JavaThread "Keep-Alive-Timer" daemon [_thread_blocked, id=12268, stack(0x00000000231c0000,0x00000000232c0000)]
  0x000000001fba1800 JavaThread "ReaderThread" [_thread_in_native, id=12212, stack(0x00000000201e0000,0x00000000202e0000)]
  0x000000001e8b6800 JavaThread "Service Thread" daemon [_thread_blocked, id=11548, stack(0x000000001f3f0000,0x000000001f4f0000)]
  0x000000001e82e000 JavaThread "C1 CompilerThread3" daemon [_thread_blocked, id=8592, stack(0x000000001f2f0000,0x000000001f3f0000)]
=>0x000000001e82b000 JavaThread "C2 CompilerThread2" daemon [_thread_in_native, id=11288, stack(0x000000001f1f0000,0x000000001f2f0000)]
  0x000000001e820800 JavaThread "C2 CompilerThread1" daemon [_thread_blocked, id=5764, stack(0x000000001f0f0000,0x000000001f1f0000)]
  0x000000001e81e000 JavaThread "C2 CompilerThread0" daemon [_thread_in_native, id=11744, stack(0x000000001eff0000,0x000000001f0f0000)]
  0x000000001e81c800 JavaThread "Attach Listener" daemon [_thread_blocked, id=13124, stack(0x000000001eef0000,0x000000001eff0000)]
  0x000000001e81b000 JavaThread "Signal Dispatcher" daemon [_thread_blocked, id=5108, stack(0x000000001edf0000,0x000000001eef0000)]
  0x000000001e810800 JavaThread "Finalizer" daemon [_thread_blocked, id=3360, stack(0x000000001ebf0000,0x000000001ecf0000)]
  0x0000000002e7a000 JavaThread "Reference Handler" daemon [_thread_blocked, id=140, stack(0x000000001e6f0000,0x000000001e7f0000)]
  0x0000000002d84000 JavaThread "main" [_thread_in_native, id=10772, stack(0x0000000002c80000,0x0000000002d80000)]

Other Threads:
  0x000000001c929800 VMThread [stack: 0x000000001e5f0000,0x000000001e6f0000] [id=13184]
  0x000000001e90d800 WatcherThread [stack: 0x000000001f8e0000,0x000000001f9e0000] [id=8492]

VM state:not at safepoint (normal execution)

VM Mutex/Monitor currently owned by a thread: None

Heap:
 PSYoungGen      total 73216K, used 15363K [0x000000076af00000, 0x0000000770300000, 0x00000007c0000000)
  eden space 62464K, 8% used [0x000000076af00000,0x000000076b401448,0x000000076ec00000)
  from space 10752K, 95% used [0x000000076f880000,0x000000077027fb88,0x0000000770300000)
  to   space 11776K, 0% used [0x000000076ec00000,0x000000076ec00000,0x000000076f780000)
 ParOldGen       total 175104K, used 832K [0x00000006c0c00000, 0x00000006cb700000, 0x000000076af00000)
  object space 175104K, 0% used [0x00000006c0c00000,0x00000006c0cd03c8,0x00000006cb700000)
 Metaspace       used 19604K, capacity 21217K, committed 21296K, reserved 1069056K
  class space    used 2334K, capacity 2626K, committed 2688K, reserved 1048576K

Card table byte_map: [0x0000000012240000,0x0000000012a40000] byte_map_base: 0x000000000ec3a000

Marking Bits: (ParMarkBitMap*) 0x000000005097b6d0
 Begin Bits: [0x00000000137a0000, 0x0000000017770000)
 End Bits:   [0x0000000017770000, 0x000000001b740000)

Polling page: 0x0000000002a70000

CodeCache: size=245760Kb used=13410Kb max_used=13426Kb free=232349Kb
 bounds [0x0000000002e80000, 0x0000000003bb0000, 0x0000000011e80000]
 total_blobs=3933 nmethods=3536 adapters=308
 compilation: enabled

Compilation events (10 events):
Event: 13.181 Thread 0x000000001e82e000 3540   !   3       sun.reflect.GeneratedMethodAccessor287::invoke (66 bytes)
Event: 13.182 Thread 0x000000001e82e000 nmethod 3540 0x0000000003b89ed0 code [0x0000000003b8a0c0, 0x0000000003b8a8a8]
Event: 13.182 Thread 0x000000001e82e000 3541   !   3       sun.reflect.GeneratedMethodAccessor288::invoke (66 bytes)
Event: 13.182 Thread 0x000000001e82e000 nmethod 3541 0x0000000003b8c8d0 code [0x0000000003b8cac0, 0x0000000003b8d288]
Event: 13.182 Thread 0x000000001e82e000 3542   !   3       sun.reflect.GeneratedMethodAccessor289::invoke (66 bytes)
Event: 13.182 Thread 0x000000001e82e000 nmethod 3542 0x0000000003b8d6d0 code [0x0000000003b8d8c0, 0x0000000003b8e0a8]
Event: 13.182 Thread 0x000000001e82e000 3543   !   3       sun.reflect.GeneratedMethodAccessor290::invoke (66 bytes)
Event: 13.183 Thread 0x000000001e82e000 nmethod 3543 0x0000000003b8e4d0 code [0x0000000003b8e6c0, 0x0000000003b8eea8]
Event: 13.185 Thread 0x000000001e82e000 3546       3       sun.reflect.ClassFileAssembler::opc_aaload (11 bytes)
Event: 13.186 Thread 0x000000001e82e000 nmethod 3546 0x0000000003b55f10 code [0x0000000003b56080, 0x0000000003b56328]

GC Heap History (10 events):
Event: 0.807 GC heap after
Heap after GC invocations=1 (full 0):
 PSYoungGen      total 76288K, used 10725K [0x000000076af00000, 0x0000000770400000, 0x00000007c0000000)
  eden space 65536K, 0% used [0x000000076af00000,0x000000076af00000,0x000000076ef00000)
  from space 10752K, 99% used [0x000000076ef00000,0x000000076f9794c8,0x000000076f980000)
  to   space 10752K, 0% used [0x000000076f980000,0x000000076f980000,0x0000000770400000)
 ParOldGen       total 175104K, used 753K [0x00000006c0c00000, 0x00000006cb700000, 0x000000076af00000)
  object space 175104K, 0% used [0x00000006c0c00000,0x00000006c0cbc528,0x00000006cb700000)
 Metaspace       used 12788K, capacity 12974K, committed 13184K, reserved 1060864K
  class space    used 1569K, capacity 1593K, committed 1664K, reserved 1048576K
}
Event: 2.809 GC heap before
{Heap before GC invocations=2 (full 0):
 PSYoungGen      total 76288K, used 76261K [0x000000076af00000, 0x0000000770400000, 0x00000007c0000000)
  eden space 65536K, 100% used [0x000000076af00000,0x000000076ef00000,0x000000076ef00000)
  from space 10752K, 99% used [0x000000076ef00000,0x000000076f9794c8,0x000000076f980000)
  to   space 10752K, 0% used [0x000000076f980000,0x000000076f980000,0x0000000770400000)
 ParOldGen       total 175104K, used 753K [0x00000006c0c00000, 0x00000006cb700000, 0x000000076af00000)
  object space 175104K, 0% used [0x00000006c0c00000,0x00000006c0cbc528,0x00000006cb700000)
 Metaspace       used 16830K, capacity 17297K, committed 17536K, reserved 1064960K
  class space    used 1969K, capacity 2058K, committed 2176K, reserved 1048576K
Event: 2.815 GC heap after
Heap after GC invocations=2 (full 0):
 PSYoungGen      total 76288K, used 8184K [0x000000076af00000, 0x0000000770400000, 0x00000007c0000000)
  eden space 65536K, 0% used [0x000000076af00000,0x000000076af00000,0x000000076ef00000)
  from space 10752K, 76% used [0x000000076f980000,0x000000077017e128,0x0000000770400000)
  to   space 10752K, 0% used [0x000000076ef00000,0x000000076ef00000,0x000000076f980000)
 ParOldGen       total 175104K, used 792K [0x00000006c0c00000, 0x00000006cb700000, 0x000000076af00000)
  object space 175104K, 0% used [0x00000006c0c00000,0x00000006c0cc63c8,0x00000006cb700000)
 Metaspace       used 16830K, capacity 17297K, committed 17536K, reserved 1064960K
  class space    used 1969K, capacity 2058K, committed 2176K, reserved 1048576K
}
Event: 6.386 GC heap before
{Heap before GC invocations=3 (full 0):
 PSYoungGen      total 76288K, used 73720K [0x000000076af00000, 0x0000000770400000, 0x00000007c0000000)
  eden space 65536K, 100% used [0x000000076af00000,0x000000076ef00000,0x000000076ef00000)
  from space 10752K, 76% used [0x000000076f980000,0x000000077017e128,0x0000000770400000)
  to   space 10752K, 0% used [0x000000076ef00000,0x000000076ef00000,0x000000076f980000)
 ParOldGen       total 175104K, used 792K [0x00000006c0c00000, 0x00000006cb700000, 0x000000076af00000)
  object space 175104K, 0% used [0x00000006c0c00000,0x00000006c0cc63c8,0x00000006cb700000)
 Metaspace       used 17608K, capacity 18311K, committed 18688K, reserved 1064960K
  class space    used 2050K, capacity 2179K, committed 2304K, reserved 1048576K
Event: 6.392 GC heap after
Heap after GC invocations=3 (full 0):
 PSYoungGen      total 76288K, used 7651K [0x000000076af00000, 0x0000000770400000, 0x00000007c0000000)
  eden space 65536K, 0% used [0x000000076af00000,0x000000076af00000,0x000000076ef00000)
  from space 10752K, 71% used [0x000000076ef00000,0x000000076f678ec0,0x000000076f980000)
  to   space 10752K, 0% used [0x000000076f980000,0x000000076f980000,0x0000000770400000)
 ParOldGen       total 175104K, used 808K [0x00000006c0c00000, 0x00000006cb700000, 0x000000076af00000)
  object space 175104K, 0% used [0x00000006c0c00000,0x00000006c0cca3c8,0x00000006cb700000)
 Metaspace       used 17608K, capacity 18311K, committed 18688K, reserved 1064960K
  class space    used 2050K, capacity 2179K, committed 2304K, reserved 1048576K
}
Event: 8.586 GC heap before
{Heap before GC invocations=4 (full 0):
 PSYoungGen      total 76288K, used 73187K [0x000000076af00000, 0x0000000770400000, 0x00000007c0000000)
  eden space 65536K, 100% used [0x000000076af00000,0x000000076ef00000,0x000000076ef00000)
  from space 10752K, 71% used [0x000000076ef00000,0x000000076f678ec0,0x000000076f980000)
  to   space 10752K, 0% used [0x000000076f980000,0x000000076f980000,0x0000000770400000)
 ParOldGen       total 175104K, used 808K [0x00000006c0c00000, 0x00000006cb700000, 0x000000076af00000)
  object space 175104K, 0% used [0x00000006c0c00000,0x00000006c0cca3c8,0x00000006cb700000)
 Metaspace       used 18467K, capacity 19543K, committed 19840K, reserved 1067008K
  class space    used 2179K, capacity 2379K, committed 2432K, reserved 1048576K
Event: 8.593 GC heap after
Heap after GC invocations=4 (full 0):
 PSYoungGen      total 76288K, used 9221K [0x000000076af00000, 0x0000000770400000, 0x00000007c0000000)
  eden space 65536K, 0% used [0x000000076af00000,0x000000076af00000,0x000000076ef00000)
  from space 10752K, 85% used [0x000000076f980000,0x0000000770281478,0x0000000770400000)
  to   space 10752K, 0% used [0x000000076ef00000,0x000000076ef00000,0x000000076f980000)
 ParOldGen       total 175104K, used 816K [0x00000006c0c00000, 0x00000006cb700000, 0x000000076af00000)
  object space 175104K, 0% used [0x00000006c0c00000,0x00000006c0ccc3c8,0x00000006cb700000)
 Metaspace       used 18467K, capacity 19543K, committed 19840K, reserved 1067008K
  class space    used 2179K, capacity 2379K, committed 2432K, reserved 1048576K
}
Event: 10.569 GC heap before
{Heap before GC invocations=5 (full 0):
 PSYoungGen      total 76288K, used 74757K [0x000000076af00000, 0x0000000770400000, 0x00000007c0000000)
  eden space 65536K, 100% used [0x000000076af00000,0x000000076ef00000,0x000000076ef00000)
  from space 10752K, 85% used [0x000000076f980000,0x0000000770281478,0x0000000770400000)
  to   space 10752K, 0% used [0x000000076ef00000,0x000000076ef00000,0x000000076f980000)
 ParOldGen       total 175104K, used 816K [0x00000006c0c00000, 0x00000006cb700000, 0x000000076af00000)
  object space 175104K, 0% used [0x00000006c0c00000,0x00000006c0ccc3c8,0x00000006cb700000)
 Metaspace       used 19060K, capacity 20405K, committed 20480K, reserved 1067008K
  class space    used 2252K, capacity 2512K, committed 2560K, reserved 1048576K
Event: 10.575 GC heap after
Heap after GC invocations=5 (full 0):
 PSYoungGen      total 72704K, used 8402K [0x000000076af00000, 0x0000000770380000, 0x00000007c0000000)
  eden space 64000K, 0% used [0x000000076af00000,0x000000076af00000,0x000000076ed80000)
  from space 8704K, 96% used [0x000000076ef00000,0x000000076f734b10,0x000000076f780000)
  to   space 11264K, 0% used [0x000000076f880000,0x000000076f880000,0x0000000770380000)
 ParOldGen       total 175104K, used 824K [0x00000006c0c00000, 0x00000006cb700000, 0x000000076af00000)
  object space 175104K, 0% used [0x00000006c0c00000,0x00000006c0cce3c8,0x00000006cb700000)
 Metaspace       used 19060K, capacity 20405K, committed 20480K, reserved 1067008K
  class space    used 2252K, capacity 2512K, committed 2560K, reserved 1048576K
}
Event: 13.186 GC heap before
{Heap before GC invocations=6 (full 0):
 PSYoungGen      total 72704K, used 72402K [0x000000076af00000, 0x0000000770380000, 0x00000007c0000000)
  eden space 64000K, 100% used [0x000000076af00000,0x000000076ed80000,0x000000076ed80000)
  from space 8704K, 96% used [0x000000076ef00000,0x000000076f734b10,0x000000076f780000)
  to   space 11264K, 0% used [0x000000076f880000,0x000000076f880000,0x0000000770380000)
 ParOldGen       total 175104K, used 824K [0x00000006c0c00000, 0x00000006cb700000, 0x000000076af00000)
  object space 175104K, 0% used [0x00000006c0c00000,0x00000006c0cce3c8,0x00000006cb700000)
 Metaspace       used 19533K, capacity 21121K, committed 21296K, reserved 1069056K
  class space    used 2324K, capacity 2610K, committed 2688K, reserved 1048576K

Deoptimization events (10 events):
Event: 9.372 Thread 0x0000000002d84000 Uncommon trap: reason=array_check action=maybe_recompile pc=0x0000000003a17534 method=java.util.AbstractCollection.toArray([Ljava/lang/Object;)[Ljava/lang/Object; @ 119
Event: 9.372 Thread 0x0000000002d84000 Uncommon trap: reason=array_check action=maybe_recompile pc=0x0000000003a17534 method=java.util.AbstractCollection.toArray([Ljava/lang/Object;)[Ljava/lang/Object; @ 119
Event: 9.372 Thread 0x0000000002d84000 Uncommon trap: reason=array_check action=maybe_recompile pc=0x0000000003a17534 method=java.util.AbstractCollection.toArray([Ljava/lang/Object;)[Ljava/lang/Object; @ 119
Event: 9.372 Thread 0x0000000002d84000 Uncommon trap: reason=array_check action=maybe_recompile pc=0x0000000003a17534 method=java.util.AbstractCollection.toArray([Ljava/lang/Object;)[Ljava/lang/Object; @ 119
Event: 9.521 Thread 0x0000000002d84000 Uncommon trap: reason=unstable_if action=reinterpret pc=0x000000000359fb74 method=com.fasterxml.jackson.core.sym.ByteQuadsCanonicalizer.findName(III)Ljava/lang/String; @ 51
Event: 9.524 Thread 0x0000000002d84000 Uncommon trap: reason=unstable_if action=reinterpret pc=0x00000000034cafd0 method=com.fasterxml.jackson.core.json.UTF8StreamJsonParser._skipWSOrEnd()I @ 8
Event: 9.547 Thread 0x0000000002d84000 Uncommon trap: reason=unstable_if action=reinterpret pc=0x0000000003932920 method=com.fasterxml.jackson.databind.type.CollectionLikeType.equals(Ljava/lang/Object;)Z @ 53
Event: 9.989 Thread 0x0000000002d84000 Uncommon trap: reason=unstable_if action=reinterpret pc=0x000000000399a474 method=com.fasterxml.jackson.core.sym.ByteQuadsCanonicalizer.findName(I)Ljava/lang/String; @ 82
Event: 10.104 Thread 0x0000000002d84000 Uncommon trap: reason=unstable_if action=reinterpret pc=0x0000000003995340 method=com.fasterxml.jackson.core.sym.ByteQuadsCanonicalizer.findName(I)Ljava/lang/String; @ 82
Event: 10.634 Thread 0x0000000002d84000 Uncommon trap: reason=null_check action=make_not_entrant pc=0x00000000039324ec method=com.fasterxml.jackson.databind.JavaType.isAbstract()Z @ 4

Internal exceptions (10 events):
Event: 3.952 Thread 0x0000000002d84000 Exception <a 'java/net/SocketTimeoutException': Read timed out> (0x000000076c448ee0) thrown at [C:\re\workspace\8-2-build-windows-amd64-cygwin\jdk8u121\8372\hotspot\src\share\vm\prims\jni.cpp, line 735]
Event: 4.623 Thread 0x0000000002d84000 Exception <a 'java/net/SocketTimeoutException': Read timed out> (0x000000076ce145c8) thrown at [C:\re\workspace\8-2-build-windows-amd64-cygwin\jdk8u121\8372\hotspot\src\share\vm\prims\jni.cpp, line 735]
Event: 5.209 Thread 0x0000000002d84000 Exception <a 'java/net/SocketTimeoutException': Read timed out> (0x000000076d904d90) thrown at [C:\re\workspace\8-2-build-windows-amd64-cygwin\jdk8u121\8372\hotspot\src\share\vm\prims\jni.cpp, line 735]
Event: 5.324 Thread 0x0000000002d84000 Exception <a 'java/net/SocketTimeoutException': Read timed out> (0x000000076df877e8) thrown at [C:\re\workspace\8-2-build-windows-amd64-cygwin\jdk8u121\8372\hotspot\src\share\vm\prims\jni.cpp, line 735]
Event: 7.671 Thread 0x0000000002d84000 Exception <a 'java/net/SocketTimeoutException': Read timed out> (0x000000076d91ada0) thrown at [C:\re\workspace\8-2-build-windows-amd64-cygwin\jdk8u121\8372\hotspot\src\share\vm\prims\jni.cpp, line 735]
Event: 7.869 Thread 0x0000000002d84000 Exception <a 'java/net/SocketTimeoutException': Read timed out> (0x000000076dadca50) thrown at [C:\re\workspace\8-2-build-windows-amd64-cygwin\jdk8u121\8372\hotspot\src\share\vm\prims\jni.cpp, line 735]
Event: 9.190 Thread 0x0000000002d84000 Exception <a 'java/net/SocketTimeoutException': Read timed out> (0x000000076bfa1990) thrown at [C:\re\workspace\8-2-build-windows-amd64-cygwin\jdk8u121\8372\hotspot\src\share\vm\prims\jni.cpp, line 735]
Event: 10.108 Thread 0x0000000002d84000 Exception <a 'java/net/SocketTimeoutException': Read timed out> (0x000000076e105a68) thrown at [C:\re\workspace\8-2-build-windows-amd64-cygwin\jdk8u121\8372\hotspot\src\share\vm\prims\jni.cpp, line 735]
Event: 11.426 Thread 0x0000000002d84000 Exception <a 'java/net/SocketTimeoutException': Read timed out> (0x000000076c876738) thrown at [C:\re\workspace\8-2-build-windows-amd64-cygwin\jdk8u121\8372\hotspot\src\share\vm\prims\jni.cpp, line 735]
Event: 11.477 Thread 0x0000000002d84000 Exception <a 'java/net/SocketTimeoutException': Read timed out> (0x000000076c90d338) thrown at [C:\re\workspace\8-2-build-windows-amd64-cygwin\jdk8u121\8372\hotspot\src\share\vm\prims\jni.cpp, line 735]

Events (10 events):
Event: 12.293 loading class com/fasterxml/jackson/datatype/jsr310$JSR310Module done
Event: 12.293 loading class com/fasterxml/jackson/datatype/joda/JodaModule
Event: 12.293 loading class com/fasterxml/jackson/datatype/joda/JodaModule done
Event: 12.293 loading class com/fasterxml/jackson/datatype/joda$JodaModule
Event: 12.293 loading class com/fasterxml/jackson/datatype/joda$JodaModule done
Event: 12.312 loading class com/qat/samples/sysmgmt/entidade/model/request/EmpresaInquiryRequest
Event: 12.312 loading class com/qat/samples/sysmgmt/entidade/model/request/EmpresaInquiryRequest done
Event: 12.324 loading class com/qat/samples/sysmgmt/entidade/model/response/EmpresaResponse
Event: 12.324 loading class com/qat/samples/sysmgmt/entidade/model/response/EmpresaResponse done
Event: 13.186 Executing VM operation: ParallelGCFailedAllocation


Dynamic libraries:
0x00007ff695ee0000 - 0x00007ff695f17000 	C:\Program Files\Java\jre1.8.0_121\bin\javaw.exe
0x00007ff81a1e0000 - 0x00007ff81a3b1000 	C:\WINDOWS\SYSTEM32\ntdll.dll
0x00007ff817d80000 - 0x00007ff817e2b000 	C:\WINDOWS\System32\KERNEL32.DLL
0x00007ff816d20000 - 0x00007ff816f3d000 	C:\WINDOWS\System32\KERNELBASE.dll
0x0000000052600000 - 0x00000000526ae000 	C:\Program Files\Bitdefender\Bitdefender 2017\Active Virus Control\Avc3_00114_008\avcuf64.dll
0x00007ff817cc0000 - 0x00007ff817d62000 	C:\WINDOWS\System32\ADVAPI32.dll
0x00007ff817770000 - 0x00007ff81780e000 	C:\WINDOWS\System32\msvcrt.dll
0x00007ff817810000 - 0x00007ff817869000 	C:\WINDOWS\System32\sechost.dll
0x00007ff817b40000 - 0x00007ff817c61000 	C:\WINDOWS\System32\RPCRT4.dll
0x00007ff818290000 - 0x00007ff8183f5000 	C:\WINDOWS\System32\USER32.dll
0x00007ff816ca0000 - 0x00007ff816cbe000 	C:\WINDOWS\System32\win32u.dll
0x00007ff817c80000 - 0x00007ff817cb4000 	C:\WINDOWS\System32\GDI32.dll
0x00007ff816b10000 - 0x00007ff816c92000 	C:\WINDOWS\System32\gdi32full.dll
0x00007ff80e320000 - 0x00007ff80e59a000 	C:\WINDOWS\WinSxS\amd64_microsoft.windows.common-controls_6595b64144ccf1df_6.0.14393.953_none_42151e83c686086b\COMCTL32.dll
0x00007ff819f10000 - 0x00007ff81a1d8000 	C:\WINDOWS\System32\combase.dll
0x00007ff816720000 - 0x00007ff816815000 	C:\WINDOWS\System32\ucrtbase.dll
0x00007ff8169f0000 - 0x00007ff816a5a000 	C:\WINDOWS\System32\bcryptPrimitives.dll
0x00007ff818260000 - 0x00007ff81828e000 	C:\WINDOWS\System32\IMM32.DLL
0x0000000050a00000 - 0x0000000050ad2000 	C:\Program Files\Java\jre1.8.0_121\bin\msvcr100.dll
0x0000000050160000 - 0x00000000509fb000 	C:\Program Files\Java\jre1.8.0_121\bin\server\jvm.dll
0x00007ff817d70000 - 0x00007ff817d78000 	C:\WINDOWS\System32\PSAPI.DLL
0x00007ff807300000 - 0x00007ff807309000 	C:\WINDOWS\SYSTEM32\WSOCK32.dll
0x00007ff818400000 - 0x00007ff81846a000 	C:\WINDOWS\System32\WS2_32.dll
0x00007ff814610000 - 0x00007ff814633000 	C:\WINDOWS\SYSTEM32\WINMM.dll
0x00007ff812d00000 - 0x00007ff812d0a000 	C:\WINDOWS\SYSTEM32\VERSION.dll
0x00007ff8145d0000 - 0x00007ff8145fb000 	C:\WINDOWS\SYSTEM32\WINMMBASE.dll
0x00007ff8166d0000 - 0x00007ff816712000 	C:\WINDOWS\System32\cfgmgr32.dll
0x0000000050150000 - 0x000000005015f000 	C:\Program Files\Java\jre1.8.0_121\bin\verify.dll
0x0000000050120000 - 0x0000000050149000 	C:\Program Files\Java\jre1.8.0_121\bin\java.dll
0x0000000050100000 - 0x0000000050116000 	C:\Program Files\Java\jre1.8.0_121\bin\zip.dll
0x00007ff8184d0000 - 0x00007ff8199d8000 	C:\WINDOWS\System32\SHELL32.dll
0x00007ff816fe0000 - 0x00007ff8176ba000 	C:\WINDOWS\System32\windows.storage.dll
0x00007ff816670000 - 0x00007ff8166bc000 	C:\WINDOWS\System32\powrprof.dll
0x00007ff818470000 - 0x00007ff8184c2000 	C:\WINDOWS\System32\shlwapi.dll
0x00007ff8166c0000 - 0x00007ff8166cf000 	C:\WINDOWS\System32\kernel.appcore.dll
0x00007ff816a60000 - 0x00007ff816b09000 	C:\WINDOWS\System32\shcore.dll
0x00007ff816650000 - 0x00007ff816664000 	C:\WINDOWS\System32\profapi.dll
0x00000000500e0000 - 0x00000000500fa000 	C:\Program Files\Java\jre1.8.0_121\bin\net.dll
0x00007ff815f10000 - 0x00007ff815f6c000 	C:\WINDOWS\system32\mswsock.dll
0x00000000500d0000 - 0x00000000500dd000 	C:\Program Files\Java\jre1.8.0_121\bin\management.dll
0x00007ff807c60000 - 0x00007ff807c76000 	C:\WINDOWS\system32\napinsp.dll
0x00007ff807c80000 - 0x00007ff807c9a000 	C:\WINDOWS\system32\pnrpnsp.dll
0x00007ff813630000 - 0x00007ff813648000 	C:\WINDOWS\system32\NLAapi.dll
0x00007ff815cd0000 - 0x00007ff815d71000 	C:\WINDOWS\SYSTEM32\DNSAPI.dll
0x00007ff819be0000 - 0x00007ff819be8000 	C:\WINDOWS\System32\NSI.dll
0x00007ff815c90000 - 0x00007ff815cc8000 	C:\WINDOWS\SYSTEM32\IPHLPAPI.DLL
0x00007ff807ca0000 - 0x00007ff807cae000 	C:\WINDOWS\System32\winrnr.dll
0x00007ff8091a0000 - 0x00007ff8091b5000 	C:\WINDOWS\System32\wshbth.dll
0x00007ff812d40000 - 0x00007ff812d4a000 	C:\Windows\System32\rasadhlp.dll
0x00007ff8133f0000 - 0x00007ff81345a000 	C:\WINDOWS\System32\fwpuclnt.dll
0x00007ff816590000 - 0x00007ff8165bb000 	C:\WINDOWS\SYSTEM32\bcrypt.dll
0x00000000500b0000 - 0x00000000500c1000 	C:\Program Files\Java\jre1.8.0_121\bin\nio.dll

VM Arguments:
jvm_args: -Dfile.encoding=UTF-8 
java_command: org.eclipse.jdt.internal.junit.runner.RemoteTestRunner -version 3 -port 64646 -testLoaderClass org.eclipse.jdt.internal.junit4.runner.JUnit4TestLoader -loaderpluginname org.eclipse.jdt.junit4.runtime -testNameFile C:\Users\QAT-EM~1\AppData\Local\Temp\testNames8256439217181272481.txt
java_class_path (initial): C:\QATEclipseWorkSpace\contabil-front\target\test-classes;C:\QATEclipseWorkSpace\contabil-front\target\classes;C:\QATEclipseWorkSpace\contabil-front\src\main\resources\certisignon-certificate-tools.jar;C:\QATEclipseWorkSpace\sysmgmt-implementation\target\classes;C:\QATEclipseWorkSpace\sysmgmt-interface\target\classes;C:\Users\QAT-EMPLOYEE\.m2\repository\com\qat\framework\qat-framework-core\2.0\qat-framework-core-2.0.jar;C:\Users\QAT-EMPLOYEE\.m2\repository\org\aspectj\aspectjweaver\1.8.7\aspectjweaver-1.8.7.jar;C:\Users\QAT-EMPLOYEE\.m2\repository\net\sf\ehcache\ehcache\2.10.0\ehcache-2.10.0.jar;C:\Users\QAT-EMPLOYEE\.m2\repository\com\qat\framework\qat-framework-repository-mybatis\2.0\qat-framework-repository-mybatis-2.0.jar;C:\Users\QAT-EMPLOYEE\.m2\repository\org\mybatis\mybatis\3.3.0\mybatis-3.3.0.jar;C:\Users\QAT-EMPLOYEE\.m2\repository\org\mybatis\mybatis-spring\1.2.3\mybatis-spring-1.2.3.jar;C:\Users\QAT-EMPLOYEE\.m2\repository\org\mybatis\caches\mybatis-ehcache\1.0.3\mybatis-ehcache-1.0.3.jar;C:\Users\QAT-EMPLOYEE\.m2\repository\javax\mail\javax.mail-api\1.5.5\javax.mail-api-1.5.5.jar;C:\Users\QAT-EMPLOYEE\.m2\repository\org\postgresql\postgresql\9.4-1206-jdbc42\postgresql-9.4-1206-jdbc42.jar;C:\Users\QAT-EMPLOYEE\.m2\repository\org\jsoup\jsoup\1.9.2\jsoup-1.9.2.jar;C:\Users\QAT-EMPLOYEE\.m2\repository\org\springframework\spring-web\4.2.1.RELEASE\spring-web-4.2.1.RELEASE.jar;C:\Users\QAT-EMPLOYEE\.m2\repository\org\springframework\spring-aop\4.2.1.RELEASE\spring-aop-4.2.1.RELEASE.jar;C:\Users\QAT-EMPLOYEE\.m2\repository\org\springframework\spring-beans\4.2.1.RELEASE\spring-beans-4.2.1.RELEASE.jar;C:\Users\QAT-EMPLOYEE\.m2\repository\org\springframework\spring-context\4.2.1.RELEASE\spring-context-4.2.1.RELEASE.jar;C:\Users\QAT-EMPLOYEE\.m2\repository\org\springframework\spring-core\4.2.1.RELEASE\spring-core-4.2.1.RELEASE.jar;C:\Users\QAT-EMPLOYEE\.m2\repository\org\springframework\spring-webmvc\4.2.1.RELEASE\spring-webmvc-4.2.1.RE
Launcher Type: SUN_STANDARD

Environment Variables:
JAVA_HOME=c:\jdk8
PATH=c:/jdk8/bin/../jre/bin/server;c:/jdk8/bin/../jre/bin;c:/jdk8/bin/../jre/lib/amd64;C:\WINDOWS\system32;C:\WINDOWS;C:\WINDOWS\System32\Wbem;C:\WINDOWS\System32\WindowsPowerShell\v1.0\;C:\Program Files (x86)\Skype\Phone\;c:\jdk8\bin;C:\Apache\apache-maven-3.3.9\bin;C:\Users\QAT-EMPLOYEE\AppData\Local\Microsoft\WindowsApps;;C:\eclipse;
USERNAME=QAT-EMPLOYEE
OS=Windows_NT
PROCESSOR_IDENTIFIER=Intel64 Family 6 Model 60 Stepping 3, GenuineIntel



---------------  S Y S T E M  ---------------

OS: Windows 10.0 , 64 bit Build 14393 (10.0.14393.0)

CPU:total 8 (4 cores per cpu, 2 threads per core) family 6 model 60 stepping 3, cmov, cx8, fxsr, mmx, sse, sse2, sse3, ssse3, sse4.1, sse4.2, popcnt, avx, avx2, aes, clmul, erms, lzcnt, ht, tsc, tscinvbit, bmi1, bmi2

Memory: 4k page, physical 16727240k(2882072k free), swap 16727240k(1659312k free)

vm_info: Java HotSpot(TM) 64-Bit Server VM (25.121-b13) for windows-amd64 JRE (1.8.0_121-b13), built on Dec 12 2016 18:21:36 by "java_re" with MS VC++ 10.0 (VS2010)

time: Tue Apr 18 17:25:03 2017
elapsed time: 13 seconds (0d 0h 0m 13s)

