#
# There is insufficient memory for the Java Runtime Environment to continue.
# Native memory allocation (malloc) failed to allocate 854096 bytes for Chunk::new
# Possible reasons:
#   The system is out of physical RAM or swap space
#   In 32 bit mode, the process size limit was hit
# Possible solutions:
#   Reduce memory load on the system
#   Increase physical memory or swap space
#   Check if swap backing store is full
#   Use 64 bit Java on a 64 bit OS
#   Decrease Java heap size (-Xmx/-Xms)
#   Decrease number of Java threads
#   Decrease Java thread stack sizes (-Xss)
#   Set larger code cache with -XX:ReservedCodeCacheSize=
# This output file may be truncated or incomplete.
#
#  Out of Memory Error (allocation.cpp:390), pid=7384, tid=0x00000000000033b8
#
# JRE version: Java(TM) SE Runtime Environment (8.0_121-b13) (build 1.8.0_121-b13)
# Java VM: Java HotSpot(TM) 64-Bit Server VM (25.121-b13 mixed mode windows-amd64 compressed oops)
# Failed to write core dump. Minidumps are not enabled by default on client versions of Windows
#

---------------  T H R E A D  ---------------

Current thread (0x000000001dddd800):  JavaThread "C2 CompilerThread2" daemon [_thread_in_native, id=13240, stack(0x000000001e7b0000,0x000000001e8b0000)]

Stack: [0x000000001e7b0000,0x000000001e8b0000]
[error occurred during error reporting (printing stack bounds), id 0xc0000005]

Native frames: (J=compiled Java code, j=interpreted, Vv=VM code, C=native code)


Current CompileTask:
C2:   5071 1873       4       com.fasterxml.jackson.core.json.UTF8StreamJsonParser::parseLongName (381 bytes)


---------------  P R O C E S S  ---------------

Java Threads: ( => current thread )
  0x000000001f613800 JavaThread "Keep-Alive-Timer" daemon [_thread_blocked, id=12252, stack(0x0000000020cc0000,0x0000000020dc0000)]
  0x000000001de70000 JavaThread "Service Thread" daemon [_thread_blocked, id=10556, stack(0x000000001e9b0000,0x000000001eab0000)]
  0x000000001dde4800 JavaThread "C1 CompilerThread3" daemon [_thread_blocked, id=2172, stack(0x000000001e8b0000,0x000000001e9b0000)]
=>0x000000001dddd800 JavaThread "C2 CompilerThread2" daemon [_thread_in_native, id=13240, stack(0x000000001e7b0000,0x000000001e8b0000)]
  0x000000001dddb800 JavaThread "C2 CompilerThread1" daemon [_thread_blocked, id=10360, stack(0x000000001e6b0000,0x000000001e7b0000)]
  0x000000001ddd9000 JavaThread "C2 CompilerThread0" daemon [_thread_blocked, id=4756, stack(0x000000001e5b0000,0x000000001e6b0000)]
  0x000000001ddd8000 JavaThread "Attach Listener" daemon [_thread_blocked, id=12588, stack(0x000000001e4b0000,0x000000001e5b0000)]
  0x000000001ddd7000 JavaThread "Signal Dispatcher" daemon [_thread_blocked, id=12528, stack(0x000000001e3b0000,0x000000001e4b0000)]
  0x0000000002418800 JavaThread "Finalizer" daemon [_thread_blocked, id=904, stack(0x000000001e1b0000,0x000000001e2b0000)]
  0x000000001becd800 JavaThread "Reference Handler" daemon [_thread_blocked, id=12716, stack(0x000000001dcb0000,0x000000001ddb0000)]
  0x0000000002320800 JavaThread "main" [_thread_in_native, id=9052, stack(0x0000000002220000,0x0000000002320000)]

Other Threads:
  0x000000001bec8000 VMThread [stack: 0x000000001dbb0000,0x000000001dcb0000] [id=12580]
  0x000000001de9c000 WatcherThread [stack: 0x000000001eab0000,0x000000001ebb0000] [id=4504]

VM state:not at safepoint (normal execution)

VM Mutex/Monitor currently owned by a thread: None

Heap:
 PSYoungGen      total 76288K, used 34762K [0x000000076af00000, 0x0000000770400000, 0x00000007c0000000)
  eden space 65536K, 36% used [0x000000076af00000,0x000000076c674250,0x000000076ef00000)
  from space 10752K, 99% used [0x000000076ef00000,0x000000076f97e5e8,0x000000076f980000)
  to   space 10752K, 0% used [0x000000076f980000,0x000000076f980000,0x0000000770400000)
 ParOldGen       total 175104K, used 2036K [0x00000006c0c00000, 0x00000006cb700000, 0x000000076af00000)
  object space 175104K, 1% used [0x00000006c0c00000,0x00000006c0dfd108,0x00000006cb700000)
 Metaspace       used 17052K, capacity 17400K, committed 17536K, reserved 1064960K
  class space    used 1992K, capacity 2074K, committed 2176K, reserved 1048576K

Card table byte_map: [0x00000000117e0000,0x0000000011fe0000] byte_map_base: 0x000000000e1da000

Marking Bits: (ParMarkBitMap*) 0x0000000062afb6d0
 Begin Bits: [0x0000000012d40000, 0x0000000016d10000)
 End Bits:   [0x0000000016d10000, 0x000000001ace0000)

Polling page: 0x0000000000840000

CodeCache: size=245760Kb used=6231Kb max_used=6247Kb free=239528Kb
 bounds [0x0000000002420000, 0x0000000002a50000, 0x0000000011420000]
 total_blobs=2265 nmethods=1869 adapters=308
 compilation: enabled

Compilation events (10 events):
Event: 5.004 Thread 0x000000001ddd9000 1871   !   4       com.fasterxml.jackson.databind.deser.BeanDeserializer::deserializeFromObject (269 bytes)
Event: 5.004 Thread 0x000000001dddb800 1872       4       com.fasterxml.jackson.databind.deser.impl.BeanPropertyMap::find (84 bytes)
Event: 5.004 Thread 0x000000001dde4800 1874       3       java.nio.charset.Charset::lookup (44 bytes)
Event: 5.005 Thread 0x000000001dde4800 nmethod 1874 0x0000000002a35c10 code [0x0000000002a35dc0, 0x0000000002a362a8]
Event: 5.005 Thread 0x000000001dddd800 nmethod 1870 0x0000000002a391d0 code [0x0000000002a39320, 0x0000000002a39478]
Event: 5.005 Thread 0x000000001dddd800 1873       4       com.fasterxml.jackson.core.json.UTF8StreamJsonParser::parseLongName (381 bytes)
Event: 5.005 Thread 0x000000001dde4800 1875  s    3       sun.net.www.MessageHeader::findValue (69 bytes)
Event: 5.006 Thread 0x000000001dde4800 nmethod 1875 0x0000000002a38550 code [0x0000000002a38700, 0x0000000002a38e08]
Event: 5.009 Thread 0x000000001dddb800 nmethod 1872 0x0000000002a3b350 code [0x0000000002a3b4c0, 0x0000000002a3bb58]
Event: 5.021 Thread 0x000000001ddd9000 nmethod 1871 0x0000000002a3e8d0 code [0x0000000002a3eb20, 0x0000000002a3fc30]

GC Heap History (2 events):
Event: 3.224 GC heap before
{Heap before GC invocations=1 (full 0):
 PSYoungGen      total 76288K, used 65536K [0x000000076af00000, 0x0000000770400000, 0x00000007c0000000)
  eden space 65536K, 100% used [0x000000076af00000,0x000000076ef00000,0x000000076ef00000)
  from space 10752K, 0% used [0x000000076f980000,0x000000076f980000,0x0000000770400000)
  to   space 10752K, 0% used [0x000000076ef00000,0x000000076ef00000,0x000000076f980000)
 ParOldGen       total 175104K, used 0K [0x00000006c0c00000, 0x00000006cb700000, 0x000000076af00000)
  object space 175104K, 0% used [0x00000006c0c00000,0x00000006c0c00000,0x00000006cb700000)
 Metaspace       used 14909K, capacity 15168K, committed 15488K, reserved 1062912K
  class space    used 1822K, capacity 1892K, committed 1920K, reserved 1048576K
Event: 3.231 GC heap after
Heap after GC invocations=1 (full 0):
 PSYoungGen      total 76288K, used 10745K [0x000000076af00000, 0x0000000770400000, 0x00000007c0000000)
  eden space 65536K, 0% used [0x000000076af00000,0x000000076af00000,0x000000076ef00000)
  from space 10752K, 99% used [0x000000076ef00000,0x000000076f97e5e8,0x000000076f980000)
  to   space 10752K, 0% used [0x000000076f980000,0x000000076f980000,0x0000000770400000)
 ParOldGen       total 175104K, used 2036K [0x00000006c0c00000, 0x00000006cb700000, 0x000000076af00000)
  object space 175104K, 1% used [0x00000006c0c00000,0x00000006c0dfd108,0x00000006cb700000)
 Metaspace       used 14909K, capacity 15168K, committed 15488K, reserved 1062912K
  class space    used 1822K, capacity 1892K, committed 1920K, reserved 1048576K
}

Deoptimization events (10 events):
Event: 4.411 Thread 0x0000000002320800 Uncommon trap: reason=null_check action=make_not_entrant pc=0x00000000028fc7f8 method=com.fasterxml.jackson.databind.type.TypeFactory._fromClass(Lcom/fasterxml/jackson/databind/type/ClassStack;Ljava/lang/Class;Lcom/fasterxml/jackson/databind/type/TypeBind
Event: 4.740 Thread 0x0000000002320800 Uncommon trap: reason=unstable_if action=reinterpret pc=0x00000000029c535c method=com.fasterxml.jackson.core.json.UTF8StreamJsonParser._skipWS()I @ 8
Event: 4.744 Thread 0x0000000002320800 Uncommon trap: reason=unstable_if action=reinterpret pc=0x00000000029b83dc method=com.fasterxml.jackson.core.json.UTF8StreamJsonParser._skipWSOrEnd()I @ 8
Event: 4.764 Thread 0x0000000002320800 Uncommon trap: reason=null_check action=make_not_entrant pc=0x00000000029df2b8 method=com.fasterxml.jackson.databind.deser.impl.BeanPropertyMap._find2(Ljava/lang/String;ILjava/lang/Object;)Lcom/fasterxml/jackson/databind/deser/SettableBeanProperty; @ 34
Event: 4.766 Thread 0x0000000002320800 Uncommon trap: reason=null_check action=make_not_entrant pc=0x00000000029480b8 method=com.fasterxml.jackson.databind.type.TypeFactory._fromClass(Lcom/fasterxml/jackson/databind/type/ClassStack;Ljava/lang/Class;Lcom/fasterxml/jackson/databind/type/TypeBind
Event: 4.935 Thread 0x0000000002320800 Uncommon trap: reason=unstable_if action=reinterpret pc=0x0000000002a29d64 method=com.fasterxml.jackson.core.sym.ByteQuadsCanonicalizer.findName(III)Ljava/lang/String; @ 77
Event: 4.935 Thread 0x0000000002320800 Uncommon trap: reason=unstable_if action=reinterpret pc=0x0000000002a12f38 method=com.fasterxml.jackson.core.json.UTF8StreamJsonParser.nextToken()Lcom/fasterxml/jackson/core/JsonToken; @ 24
Event: 4.935 Thread 0x0000000002320800 Uncommon trap: reason=unstable_if action=reinterpret pc=0x0000000002a065f4 method=com.fasterxml.jackson.core.json.UTF8StreamJsonParser.findName(II)Ljava/lang/String; @ 16
Event: 4.935 Thread 0x0000000002320800 Uncommon trap: reason=unstable_if action=reinterpret pc=0x0000000002a1a80c method=com.fasterxml.jackson.core.sym.ByteQuadsCanonicalizer.findName(III)Ljava/lang/String; @ 107
Event: 4.935 Thread 0x0000000002320800 Uncommon trap: reason=unstable_if action=reinterpret pc=0x00000000029d2bd8 method=com.fasterxml.jackson.core.json.UTF8StreamJsonParser._matchToken(Ljava/lang/String;I)V @ 96

Internal exceptions (10 events):
Event: 0.476 Thread 0x0000000002320800 Exception <a 'java/lang/NoClassDefFoundError': com/lmax/disruptor/EventFactory> (0x000000076d072120) thrown at [C:\re\workspace\8-2-build-windows-amd64-cygwin\jdk8u121\8372\hotspot\src\share\vm\classfile\systemDictionary.cpp, line 199]
Event: 0.783 Thread 0x0000000002320800 Exception <a 'java/lang/NoSuchFieldError': method resolution failed> (0x000000076ea73830) thrown at [C:\re\workspace\8-2-build-windows-amd64-cygwin\jdk8u121\8372\hotspot\src\share\vm\prims\methodHandles.cpp, line 1146]
Event: 0.784 Thread 0x0000000002320800 Exception <a 'java/lang/NoSuchFieldError': method resolution failed> (0x000000076ea80ef0) thrown at [C:\re\workspace\8-2-build-windows-amd64-cygwin\jdk8u121\8372\hotspot\src\share\vm\prims\methodHandles.cpp, line 1146]
Event: 3.576 Thread 0x0000000002320800 Exception <a 'java/net/SocketTimeoutException': Read timed out> (0x000000076b4db5b0) thrown at [C:\re\workspace\8-2-build-windows-amd64-cygwin\jdk8u121\8372\hotspot\src\share\vm\prims\jni.cpp, line 735]
Event: 4.148 Thread 0x0000000002320800 Exception <a 'java/net/SocketTimeoutException': Read timed out> (0x000000076be7ea98) thrown at [C:\re\workspace\8-2-build-windows-amd64-cygwin\jdk8u121\8372\hotspot\src\share\vm\prims\jni.cpp, line 735]
Event: 4.305 Thread 0x0000000002320800 Exception <a 'java/net/SocketTimeoutException': Read timed out> (0x000000076befeea0) thrown at [C:\re\workspace\8-2-build-windows-amd64-cygwin\jdk8u121\8372\hotspot\src\share\vm\prims\jni.cpp, line 735]
Event: 4.354 Thread 0x0000000002320800 Exception <a 'java/net/SocketTimeoutException': Read timed out> (0x000000076bf5aa70) thrown at [C:\re\workspace\8-2-build-windows-amd64-cygwin\jdk8u121\8372\hotspot\src\share\vm\prims\jni.cpp, line 735]
Event: 4.764 Thread 0x0000000002320800 Implicit null exception at 0x00000000029def3b to 0x00000000029df2a1
Event: 4.770 Thread 0x0000000002320800 Exception <a 'java/net/SocketTimeoutException': Read timed out> (0x000000076c52e630) thrown at [C:\re\workspace\8-2-build-windows-amd64-cygwin\jdk8u121\8372\hotspot\src\share\vm\prims\jni.cpp, line 735]
Event: 4.940 Thread 0x0000000002320800 Exception <a 'java/net/SocketTimeoutException': Read timed out> (0x000000076c55c198) thrown at [C:\re\workspace\8-2-build-windows-amd64-cygwin\jdk8u121\8372\hotspot\src\share\vm\prims\jni.cpp, line 735]

Events (10 events):
Event: 4.935 Thread 0x0000000002320800 DEOPT PACKING pc=0x00000000029d2bd8 sp=0x000000000231d130
Event: 4.935 Thread 0x0000000002320800 DEOPT UNPACKING pc=0x000000000246582a sp=0x000000000231d0c8 mode 2
Event: 4.936 loading class sun/reflect/UnsafeQualifiedObjectFieldAccessorImpl
Event: 4.936 loading class sun/reflect/UnsafeQualifiedFieldAccessorImpl
Event: 4.936 loading class sun/reflect/UnsafeQualifiedFieldAccessorImpl done
Event: 4.936 loading class sun/reflect/UnsafeQualifiedObjectFieldAccessorImpl done
Event: 4.936 loading class com/fasterxml/jackson/databind/util/ObjectBuffer
Event: 4.936 loading class com/fasterxml/jackson/databind/util/ObjectBuffer done
Event: 4.937 loading class sun/reflect/UnsafeBooleanFieldAccessorImpl
Event: 4.937 loading class sun/reflect/UnsafeBooleanFieldAccessorImpl done


Dynamic libraries:
0x00007ff75d7f0000 - 0x00007ff75d827000 	C:\jdk8\jre\bin\java.exe
0x00007ff877350000 - 0x00007ff877521000 	C:\WINDOWS\SYSTEM32\ntdll.dll
0x00007ff8757e0000 - 0x00007ff87588b000 	C:\WINDOWS\System32\KERNEL32.DLL
0x00007ff873b00000 - 0x00007ff873d1d000 	C:\WINDOWS\System32\KERNELBASE.dll
0x0000000062b80000 - 0x0000000062c2e000 	C:\Program Files\Bitdefender\Bitdefender 2017\Active Virus Control\Avc3_00110_004\avcuf64.dll
0x00007ff877160000 - 0x00007ff877202000 	C:\WINDOWS\System32\ADVAPI32.dll
0x00007ff874e90000 - 0x00007ff874f2e000 	C:\WINDOWS\System32\msvcrt.dll
0x00007ff874d60000 - 0x00007ff874db9000 	C:\WINDOWS\System32\sechost.dll
0x00007ff877220000 - 0x00007ff877341000 	C:\WINDOWS\System32\RPCRT4.dll
0x00007ff876e90000 - 0x00007ff876ff5000 	C:\WINDOWS\System32\USER32.dll
0x00007ff873840000 - 0x00007ff87385e000 	C:\WINDOWS\System32\win32u.dll
0x00007ff874bb0000 - 0x00007ff874be4000 	C:\WINDOWS\System32\GDI32.dll
0x00007ff873900000 - 0x00007ff873a82000 	C:\WINDOWS\System32\gdi32full.dll
0x00007ff86b9f0000 - 0x00007ff86bc6a000 	C:\WINDOWS\WinSxS\amd64_microsoft.windows.common-controls_6595b64144ccf1df_6.0.14393.953_none_42151e83c686086b\COMCTL32.dll
0x00007ff8748e0000 - 0x00007ff874ba8000 	C:\WINDOWS\System32\combase.dll
0x00007ff873d20000 - 0x00007ff873e15000 	C:\WINDOWS\System32\ucrtbase.dll
0x00007ff873a90000 - 0x00007ff873afa000 	C:\WINDOWS\System32\bcryptPrimitives.dll
0x00007ff8757b0000 - 0x00007ff8757de000 	C:\WINDOWS\System32\IMM32.DLL
0x0000000062200000 - 0x00000000622d2000 	C:\jdk8\jre\bin\msvcr100.dll
0x00000000622e0000 - 0x0000000062b7b000 	C:\jdk8\jre\bin\server\jvm.dll
0x00007ff874d50000 - 0x00007ff874d58000 	C:\WINDOWS\System32\PSAPI.DLL
0x00007ff864920000 - 0x00007ff864929000 	C:\WINDOWS\SYSTEM32\WSOCK32.dll
0x00007ff875890000 - 0x00007ff8758fa000 	C:\WINDOWS\System32\WS2_32.dll
0x00007ff871a10000 - 0x00007ff871a33000 	C:\WINDOWS\SYSTEM32\WINMM.dll
0x00007ff870c50000 - 0x00007ff870c5a000 	C:\WINDOWS\SYSTEM32\VERSION.dll
0x00007ff8719e0000 - 0x00007ff871a0b000 	C:\WINDOWS\SYSTEM32\WINMMBASE.dll
0x00007ff874890000 - 0x00007ff8748d2000 	C:\WINDOWS\System32\cfgmgr32.dll
0x00000000621f0000 - 0x00000000621ff000 	C:\jdk8\jre\bin\verify.dll
0x00000000621c0000 - 0x00000000621e9000 	C:\jdk8\jre\bin\java.dll
0x00000000621a0000 - 0x00000000621b6000 	C:\jdk8\jre\bin\zip.dll
0x00007ff875920000 - 0x00007ff876e29000 	C:\WINDOWS\System32\SHELL32.dll
0x00007ff873ed0000 - 0x00007ff8745aa000 	C:\WINDOWS\System32\windows.storage.dll
0x00007ff8737c0000 - 0x00007ff87380c000 	C:\WINDOWS\System32\powrprof.dll
0x00007ff876e30000 - 0x00007ff876e82000 	C:\WINDOWS\System32\shlwapi.dll
0x00007ff8737b0000 - 0x00007ff8737bf000 	C:\WINDOWS\System32\kernel.appcore.dll
0x00007ff8745b0000 - 0x00007ff874659000 	C:\WINDOWS\System32\shcore.dll
0x00007ff873820000 - 0x00007ff873834000 	C:\WINDOWS\System32\profapi.dll
0x0000000061f10000 - 0x0000000061f1d000 	C:\jdk8\jre\bin\management.dll
0x0000000062180000 - 0x000000006219a000 	C:\jdk8\jre\bin\net.dll
0x00007ff8730e0000 - 0x00007ff87313c000 	C:\WINDOWS\system32\mswsock.dll
0x00007ff861600000 - 0x00007ff861616000 	C:\WINDOWS\system32\napinsp.dll
0x00007ff861620000 - 0x00007ff86163a000 	C:\WINDOWS\system32\pnrpnsp.dll
0x00007ff870be0000 - 0x00007ff870bf8000 	C:\WINDOWS\system32\NLAapi.dll
0x00007ff872ea0000 - 0x00007ff872f41000 	C:\WINDOWS\SYSTEM32\DNSAPI.dll
0x00007ff8751d0000 - 0x00007ff8751d8000 	C:\WINDOWS\System32\NSI.dll
0x00007ff872e60000 - 0x00007ff872e98000 	C:\WINDOWS\SYSTEM32\IPHLPAPI.DLL
0x00007ff863930000 - 0x00007ff86393e000 	C:\WINDOWS\System32\winrnr.dll
0x00007ff861640000 - 0x00007ff861655000 	C:\WINDOWS\System32\wshbth.dll
0x00007ff86ed20000 - 0x00007ff86ed2a000 	C:\Windows\System32\rasadhlp.dll
0x00007ff86f690000 - 0x00007ff86f6fa000 	C:\WINDOWS\System32\fwpuclnt.dll
0x00007ff873630000 - 0x00007ff87365b000 	C:\WINDOWS\SYSTEM32\bcrypt.dll
0x0000000062160000 - 0x0000000062171000 	C:\jdk8\jre\bin\nio.dll

VM Arguments:
java_command: C:\QATEclipseWorkSpace\contabil-front\target\surefire\surefirebooter4025700081789964166.jar C:\QATEclipseWorkSpace\contabil-front\target\surefire\surefire8942089567885463540tmp C:\QATEclipseWorkSpace\contabil-front\target\surefire\surefire_04087641849173897937tmp
java_class_path (initial): C:\QATEclipseWorkSpace\contabil-front\target\surefire\surefirebooter4025700081789964166.jar
Launcher Type: SUN_STANDARD

Environment Variables:
JAVA_HOME=c:\jdk8
PATH=c:/jdk8/bin/../jre/bin/server;c:/jdk8/bin/../jre/bin;c:/jdk8/bin/../jre/lib/amd64;C:\WINDOWS\system32;C:\WINDOWS;C:\WINDOWS\System32\Wbem;C:\WINDOWS\System32\WindowsPowerShell\v1.0\;C:\Program Files (x86)\Skype\Phone\;c:\jdk8\bin;C:\Apache\apache-maven-3.3.9\bin;C:\Users\QAT-EMPLOYEE\AppData\Local\Microsoft\WindowsApps;;C:\eclipse;
USERNAME=QAT-EMPLOYEE
OS=Windows_NT
PROCESSOR_IDENTIFIER=Intel64 Family 6 Model 60 Stepping 3, GenuineIntel



---------------  S Y S T E M  ---------------

OS: Windows 10.0 , 64 bit Build 14393 (10.0.14393.0)

CPU:total 8 (4 cores per cpu, 2 threads per core) family 6 model 60 stepping 3, cmov, cx8, fxsr, mmx, sse, sse2, sse3, ssse3, sse4.1, sse4.2, popcnt, avx, avx2, aes, clmul, erms, lzcnt, ht, tsc, tscinvbit, bmi1, bmi2

Memory: 4k page, physical 16727240k(1653940k free), swap 16727240k(3324k free)

vm_info: Java HotSpot(TM) 64-Bit Server VM (25.121-b13) for windows-amd64 JRE (1.8.0_121-b13), built on Dec 12 2016 18:21:36 by "java_re" with MS VC++ 10.0 (VS2010)

time: Wed Mar 22 09:01:31 2017
elapsed time: 5 seconds (0d 0h 0m 5s)

