#
# There is insufficient memory for the Java Runtime Environment to continue.
# Native memory allocation (malloc) failed to allocate 220496 bytes for Chunk::new
# Possible reasons:
#   The system is out of physical RAM or swap space
#   In 32 bit mode, the process size limit was hit
# Possible solutions:
#   Reduce memory load on the system
#   Increase physical memory or swap space
#   Check if swap backing store is full
#   Use 64 bit Java on a 64 bit OS
#   Decrease Java heap size (-Xmx/-Xms)
#   Decrease number of Java threads
#   Decrease Java thread stack sizes (-Xss)
#   Set larger code cache with -XX:ReservedCodeCacheSize=
# This output file may be truncated or incomplete.
#
#  Out of Memory Error (allocation.cpp:390), pid=2248, tid=0x00000000000021c0
#
# JRE version: Java(TM) SE Runtime Environment (8.0_121-b13) (build 1.8.0_121-b13)
# Java VM: Java HotSpot(TM) 64-Bit Server VM (25.121-b13 mixed mode windows-amd64 compressed oops)
# Failed to write core dump. Minidumps are not enabled by default on client versions of Windows
#

---------------  T H R E A D  ---------------

Current thread (0x000000001e321800):  JavaThread "C2 CompilerThread1" daemon [_thread_in_native, id=8640, stack(0x000000001ebf0000,0x000000001ecf0000)]

Stack: [0x000000001ebf0000,0x000000001ecf0000]
[error occurred during error reporting (printing stack bounds), id 0xc0000005]

Native frames: (J=compiled Java code, j=interpreted, Vv=VM code, C=native code)


Current CompileTask:
C2:  14628 6242 % !   4       java.io.BufferedReader::readLine @ 131 (304 bytes)


---------------  P R O C E S S  ---------------

Java Threads: ( => current thread )
  0x0000000021cdc800 JavaThread "Thread-2" [_thread_in_native, id=9516, stack(0x00000000278d0000,0x00000000279d0000)]
  0x00000000249f2800 JavaThread "Thread-1" [_thread_in_native, id=12980, stack(0x00000000277d0000,0x00000000278d0000)]
  0x000000002127a000 JavaThread "ThreadedStreamConsumer" [_thread_in_Java, id=12984, stack(0x00000000272b0000,0x00000000273b0000)]
  0x000000002275c800 JavaThread "resolver-4" daemon [_thread_blocked, id=12900, stack(0x00000000271b0000,0x00000000272b0000)]
  0x00000000214ed800 JavaThread "resolver-3" daemon [_thread_blocked, id=13264, stack(0x0000000026f80000,0x0000000027080000)]
  0x00000000202ec000 JavaThread "resolver-2" daemon [_thread_blocked, id=12884, stack(0x0000000026e80000,0x0000000026f80000)]
  0x000000001f3f7000 JavaThread "resolver-1" daemon [_thread_blocked, id=12728, stack(0x0000000022090000,0x0000000022190000)]
  0x000000001e3bc000 JavaThread "Service Thread" daemon [_thread_blocked, id=5600, stack(0x000000001eef0000,0x000000001eff0000)]
  0x000000001e329000 JavaThread "C1 CompilerThread3" daemon [_thread_blocked, id=10820, stack(0x000000001edf0000,0x000000001eef0000)]
  0x000000001c408000 JavaThread "C2 CompilerThread2" daemon [_thread_blocked, id=1212, stack(0x000000001ecf0000,0x000000001edf0000)]
=>0x000000001e321800 JavaThread "C2 CompilerThread1" daemon [_thread_in_native, id=8640, stack(0x000000001ebf0000,0x000000001ecf0000)]
  0x000000001e31e000 JavaThread "C2 CompilerThread0" daemon [_thread_blocked, id=3780, stack(0x000000001eaf0000,0x000000001ebf0000)]
  0x000000001e31c000 JavaThread "Attach Listener" daemon [_thread_blocked, id=5208, stack(0x000000001e9f0000,0x000000001eaf0000)]
  0x000000001e31b000 JavaThread "Signal Dispatcher" daemon [_thread_blocked, id=708, stack(0x000000001e8f0000,0x000000001e9f0000)]
  0x000000001e310800 JavaThread "Finalizer" daemon [_thread_blocked, id=3576, stack(0x000000001e6f0000,0x000000001e7f0000)]
  0x0000000002946000 JavaThread "Reference Handler" daemon [_thread_blocked, id=2520, stack(0x000000001e1f0000,0x000000001e2f0000)]
  0x0000000002850800 JavaThread "main" [_thread_in_native, id=212, stack(0x0000000002690000,0x0000000002790000)]

Other Threads:
  0x000000001c3f9800 VMThread [stack: 0x000000001e0f0000,0x000000001e1f0000] [id=3276]
  0x000000001e346000 WatcherThread [stack: 0x000000001eff0000,0x000000001f0f0000] [id=11992]

VM state:not at safepoint (normal execution)

VM Mutex/Monitor currently owned by a thread: None

Heap:
 PSYoungGen      total 199168K, used 85473K [0x000000076af00000, 0x000000077ba00000, 0x00000007c0000000)
  eden space 188416K, 39% used [0x000000076af00000,0x000000076f7fa628,0x0000000776700000)
  from space 10752K, 99% used [0x000000077af00000,0x000000077b97e148,0x000000077b980000)
  to   space 512K, 0% used [0x000000077b980000,0x000000077b980000,0x000000077ba00000)
 ParOldGen       total 153600K, used 45985K [0x00000006c0c00000, 0x00000006ca200000, 0x000000076af00000)
  object space 153600K, 29% used [0x00000006c0c00000,0x00000006c38e85d8,0x00000006ca200000)
 Metaspace       used 24927K, capacity 25588K, committed 25856K, reserved 1073152K
  class space    used 2792K, capacity 2951K, committed 3072K, reserved 1048576K

Card table byte_map: [0x0000000011d10000,0x0000000012510000] byte_map_base: 0x000000000e70a000

Marking Bits: (ParMarkBitMap*) 0x0000000062afb6d0
 Begin Bits: [0x0000000013270000, 0x0000000017240000)
 End Bits:   [0x0000000017240000, 0x000000001b210000)

Polling page: 0x0000000000f10000

CodeCache: size=245760Kb used=21109Kb max_used=22160Kb free=224650Kb
 bounds [0x0000000002950000, 0x0000000003fa0000, 0x0000000011950000]
 total_blobs=5707 nmethods=5313 adapters=305
 compilation: enabled

Compilation events (10 events):
Event: 14.388 Thread 0x000000001e329000 6238       3       org.apache.maven.surefire.util.internal.ByteBuffer::append (38 bytes)
Event: 14.389 Thread 0x000000001e329000 nmethod 6238 0x0000000003491810 code [0x0000000003491980, 0x0000000003491bd0]
Event: 14.453 Thread 0x000000001e329000 6239       3       sun.nio.cs.SingleByte$Decoder::decode (63 bytes)
Event: 14.453 Thread 0x000000001e31e000 6240   !   4       java.lang.StringCoding::decode (120 bytes)
Event: 14.453 Thread 0x000000001c408000 6241   !   4       java.lang.StringCoding$StringDecoder::decode (179 bytes)
Event: 14.453 Thread 0x000000001e329000 nmethod 6239 0x0000000003005bd0 code [0x0000000003005d60, 0x0000000003006170]
Event: 14.459 Thread 0x000000001c408000 nmethod 6241 0x00000000035adb50 code [0x00000000035adcc0, 0x00000000035ae328]
Event: 14.474 Thread 0x000000001e31e000 nmethod 6240 0x0000000003538a90 code [0x0000000003538c80, 0x0000000003539a10]
Event: 14.617 Thread 0x000000001e321800 6242 % !   4       java.io.BufferedReader::readLine @ 131 (304 bytes)
Event: 14.617 Thread 0x000000001c408000 6243 %     4       sun.nio.cs.SingleByte$Decoder::decodeArrayLoop @ 88 (154 bytes)

GC Heap History (10 events):
Event: 1.457 GC heap before
{Heap before GC invocations=2 (full 0):
 PSYoungGen      total 76288K, used 75887K [0x000000076af00000, 0x0000000774400000, 0x00000007c0000000)
  eden space 65536K, 100% used [0x000000076af00000,0x000000076ef00000,0x000000076ef00000)
  from space 10752K, 96% used [0x000000076ef00000,0x000000076f91bea8,0x000000076f980000)
  to   space 10752K, 0% used [0x0000000773980000,0x0000000773980000,0x0000000774400000)
 ParOldGen       total 175104K, used 16K [0x00000006c0c00000, 0x00000006cb700000, 0x000000076af00000)
  object space 175104K, 0% used [0x00000006c0c00000,0x00000006c0c04000,0x00000006cb700000)
 Metaspace       used 15037K, capacity 15358K, committed 15488K, reserved 1062912K
  class space    used 1816K, capacity 1919K, committed 1920K, reserved 1048576K
Event: 1.466 GC heap after
Heap after GC invocations=2 (full 0):
 PSYoungGen      total 141824K, used 9784K [0x000000076af00000, 0x0000000774400000, 0x00000007c0000000)
  eden space 131072K, 0% used [0x000000076af00000,0x000000076af00000,0x0000000772f00000)
  from space 10752K, 91% used [0x0000000773980000,0x000000077430e208,0x0000000774400000)
  to   space 10752K, 0% used [0x0000000772f00000,0x0000000772f00000,0x0000000773980000)
 ParOldGen       total 175104K, used 24K [0x00000006c0c00000, 0x00000006cb700000, 0x000000076af00000)
  object space 175104K, 0% used [0x00000006c0c00000,0x00000006c0c06000,0x00000006cb700000)
 Metaspace       used 15037K, capacity 15358K, committed 15488K, reserved 1062912K
  class space    used 1816K, capacity 1919K, committed 1920K, reserved 1048576K
}
Event: 2.594 GC heap before
{Heap before GC invocations=3 (full 0):
 PSYoungGen      total 141824K, used 114835K [0x000000076af00000, 0x0000000774400000, 0x00000007c0000000)
  eden space 131072K, 80% used [0x000000076af00000,0x0000000771596bf8,0x0000000772f00000)
  from space 10752K, 91% used [0x0000000773980000,0x000000077430e208,0x0000000774400000)
  to   space 10752K, 0% used [0x0000000772f00000,0x0000000772f00000,0x0000000773980000)
 ParOldGen       total 175104K, used 24K [0x00000006c0c00000, 0x00000006cb700000, 0x000000076af00000)
  object space 175104K, 0% used [0x00000006c0c00000,0x00000006c0c06000,0x00000006cb700000)
 Metaspace       used 20713K, capacity 21176K, committed 21296K, reserved 1069056K
  class space    used 2489K, capacity 2624K, committed 2688K, reserved 1048576K
Event: 2.620 GC heap after
Heap after GC invocations=3 (full 0):
 PSYoungGen      total 141824K, used 10743K [0x000000076af00000, 0x000000077c400000, 0x00000007c0000000)
  eden space 131072K, 0% used [0x000000076af00000,0x000000076af00000,0x0000000772f00000)
  from space 10752K, 99% used [0x0000000772f00000,0x000000077397de78,0x0000000773980000)
  to   space 10752K, 0% used [0x000000077b980000,0x000000077b980000,0x000000077c400000)
 ParOldGen       total 175104K, used 13194K [0x00000006c0c00000, 0x00000006cb700000, 0x000000076af00000)
  object space 175104K, 7% used [0x00000006c0c00000,0x00000006c18e2820,0x00000006cb700000)
 Metaspace       used 20713K, capacity 21176K, committed 21296K, reserved 1069056K
  class space    used 2489K, capacity 2624K, committed 2688K, reserved 1048576K
}
Event: 2.620 GC heap before
{Heap before GC invocations=4 (full 1):
 PSYoungGen      total 141824K, used 10743K [0x000000076af00000, 0x000000077c400000, 0x00000007c0000000)
  eden space 131072K, 0% used [0x000000076af00000,0x000000076af00000,0x0000000772f00000)
  from space 10752K, 99% used [0x0000000772f00000,0x000000077397de78,0x0000000773980000)
  to   space 10752K, 0% used [0x000000077b980000,0x000000077b980000,0x000000077c400000)
 ParOldGen       total 175104K, used 13194K [0x00000006c0c00000, 0x00000006cb700000, 0x000000076af00000)
  object space 175104K, 7% used [0x00000006c0c00000,0x00000006c18e2820,0x00000006cb700000)
 Metaspace       used 20713K, capacity 21176K, committed 21296K, reserved 1069056K
  class space    used 2489K, capacity 2624K, committed 2688K, reserved 1048576K
Event: 2.762 GC heap after
Heap after GC invocations=4 (full 1):
 PSYoungGen      total 141824K, used 0K [0x000000076af00000, 0x000000077c400000, 0x00000007c0000000)
  eden space 131072K, 0% used [0x000000076af00000,0x000000076af00000,0x0000000772f00000)
  from space 10752K, 0% used [0x0000000772f00000,0x0000000772f00000,0x0000000773980000)
  to   space 10752K, 0% used [0x000000077b980000,0x000000077b980000,0x000000077c400000)
 ParOldGen       total 153600K, used 23746K [0x00000006c0c00000, 0x00000006ca200000, 0x000000076af00000)
  object space 153600K, 15% used [0x00000006c0c00000,0x00000006c2330858,0x00000006ca200000)
 Metaspace       used 20713K, capacity 21176K, committed 21296K, reserved 1069056K
  class space    used 2489K, capacity 2624K, committed 2688K, reserved 1048576K
}
Event: 4.562 GC heap before
{Heap before GC invocations=5 (full 1):
 PSYoungGen      total 141824K, used 131072K [0x000000076af00000, 0x000000077c400000, 0x00000007c0000000)
  eden space 131072K, 100% used [0x000000076af00000,0x0000000772f00000,0x0000000772f00000)
  from space 10752K, 0% used [0x0000000772f00000,0x0000000772f00000,0x0000000773980000)
  to   space 10752K, 0% used [0x000000077b980000,0x000000077b980000,0x000000077c400000)
 ParOldGen       total 153600K, used 23746K [0x00000006c0c00000, 0x00000006ca200000, 0x000000076af00000)
  object space 153600K, 15% used [0x00000006c0c00000,0x00000006c2330858,0x00000006ca200000)
 Metaspace       used 22961K, capacity 23586K, committed 23936K, reserved 1071104K
  class space    used 2656K, capacity 2821K, committed 2944K, reserved 1048576K
Event: 4.579 GC heap after
Heap after GC invocations=5 (full 1):
 PSYoungGen      total 168960K, used 10743K [0x000000076af00000, 0x000000077c400000, 0x00000007c0000000)
  eden space 158208K, 0% used [0x000000076af00000,0x000000076af00000,0x0000000774980000)
  from space 10752K, 99% used [0x000000077b980000,0x000000077c3fdfe0,0x000000077c400000)
  to   space 10752K, 0% used [0x000000077af00000,0x000000077af00000,0x000000077b980000)
 ParOldGen       total 153600K, used 38335K [0x00000006c0c00000, 0x00000006ca200000, 0x000000076af00000)
  object space 153600K, 24% used [0x00000006c0c00000,0x00000006c316fc80,0x00000006ca200000)
 Metaspace       used 22961K, capacity 23586K, committed 23936K, reserved 1071104K
  class space    used 2656K, capacity 2821K, committed 2944K, reserved 1048576K
}
Event: 5.808 GC heap before
{Heap before GC invocations=6 (full 1):
 PSYoungGen      total 168960K, used 168951K [0x000000076af00000, 0x000000077c400000, 0x00000007c0000000)
  eden space 158208K, 100% used [0x000000076af00000,0x0000000774980000,0x0000000774980000)
  from space 10752K, 99% used [0x000000077b980000,0x000000077c3fdfe0,0x000000077c400000)
  to   space 10752K, 0% used [0x000000077af00000,0x000000077af00000,0x000000077b980000)
 ParOldGen       total 153600K, used 38335K [0x00000006c0c00000, 0x00000006ca200000, 0x000000076af00000)
  object space 153600K, 24% used [0x00000006c0c00000,0x00000006c316fc80,0x00000006ca200000)
 Metaspace       used 23403K, capacity 23970K, committed 24192K, reserved 1071104K
  class space    used 2656K, capacity 2821K, committed 2944K, reserved 1048576K
Event: 5.820 GC heap after
Heap after GC invocations=6 (full 1):
 PSYoungGen      total 199168K, used 10744K [0x000000076af00000, 0x000000077ba00000, 0x00000007c0000000)
  eden space 188416K, 0% used [0x000000076af00000,0x000000076af00000,0x0000000776700000)
  from space 10752K, 99% used [0x000000077af00000,0x000000077b97e148,0x000000077b980000)
  to   space 512K, 0% used [0x000000077b980000,0x000000077b980000,0x000000077ba00000)
 ParOldGen       total 153600K, used 45985K [0x00000006c0c00000, 0x00000006ca200000, 0x000000076af00000)
  object space 153600K, 29% used [0x00000006c0c00000,0x00000006c38e85d8,0x00000006ca200000)
 Metaspace       used 23403K, capacity 23970K, committed 24192K, reserved 1071104K
  class space    used 2656K, capacity 2821K, committed 2944K, reserved 1048576K
}

Deoptimization events (10 events):
Event: 6.708 Thread 0x000000002127a000 Uncommon trap: reason=class_check action=maybe_recompile pc=0x0000000003051fc8 method=java.util.Hashtable.addEntry(ILjava/lang/Object;Ljava/lang/Object;I)V @ 38
Event: 6.709 Thread 0x000000002127a000 Uncommon trap: reason=class_check action=maybe_recompile pc=0x0000000003051fc8 method=java.util.Hashtable.addEntry(ILjava/lang/Object;Ljava/lang/Object;I)V @ 38
Event: 6.712 Thread 0x000000002127a000 Uncommon trap: reason=class_check action=maybe_recompile pc=0x0000000003051fc8 method=java.util.Hashtable.addEntry(ILjava/lang/Object;Ljava/lang/Object;I)V @ 38
Event: 6.738 Thread 0x000000002127a000 Uncommon trap: reason=null_check action=make_not_entrant pc=0x0000000003e569cc method=sun.util.locale.provider.LocaleProviderAdapter.getAdapter(Ljava/lang/Class;Ljava/util/Locale;)Lsun/util/locale/provider/LocaleProviderAdapter; @ 24
Event: 10.688 Thread 0x00000000249f2800 Uncommon trap: reason=unstable_if action=reinterpret pc=0x0000000002f510a4 method=java.io.BufferedReader.readLine(Z)Ljava/lang/String; @ 192
Event: 10.863 Thread 0x000000002127a000 Uncommon trap: reason=null_check action=make_not_entrant pc=0x000000000356e31c method=java.lang.StringCoding.deref(Ljava/lang/ThreadLocal;)Ljava/lang/Object; @ 4
Event: 10.863 Thread 0x000000002127a000 Uncommon trap: reason=class_check action=maybe_recompile pc=0x00000000035500e4 method=java.lang.StringCoding$StringDecoder.decode([BII)[C @ 30
Event: 10.863 Thread 0x000000002127a000 Uncommon trap: reason=class_check action=maybe_recompile pc=0x00000000035500e4 method=java.lang.StringCoding$StringDecoder.decode([BII)[C @ 30
Event: 10.863 Thread 0x000000002127a000 Uncommon trap: reason=class_check action=maybe_recompile pc=0x00000000035500e4 method=java.lang.StringCoding$StringDecoder.decode([BII)[C @ 30
Event: 10.864 Thread 0x000000002127a000 Uncommon trap: reason=class_check action=maybe_recompile pc=0x00000000035500e4 method=java.lang.StringCoding$StringDecoder.decode([BII)[C @ 30

Internal exceptions (10 events):
Event: 1.651 Thread 0x0000000002850800 Implicit null exception at 0x0000000003191a77 to 0x0000000003192c25
Event: 2.102 Thread 0x0000000002850800 Implicit null exception at 0x0000000003299c29 to 0x000000000329aebe
Event: 2.144 Thread 0x0000000002850800 Exception <a 'java/lang/ClassNotFoundException': com/sun/tools/javac/api/JavacTool> (0x000000076edad8d0) thrown at [C:\re\workspace\8-2-build-windows-amd64-cygwin\jdk8u121\8372\hotspot\src\share\vm\classfile\systemDictionary.cpp, line 210]
Event: 2.467 Thread 0x0000000002850800 Exception <a 'java/io/FileNotFoundException'> (0x000000077061ca80) thrown at [C:\re\workspace\8-2-build-windows-amd64-cygwin\jdk8u121\8372\hotspot\src\share\vm\prims\jni.cpp, line 709]
Event: 2.469 Thread 0x0000000002850800 Exception <a 'java/io/FileNotFoundException'> (0x0000000770651d30) thrown at [C:\re\workspace\8-2-build-windows-amd64-cygwin\jdk8u121\8372\hotspot\src\share\vm\prims\jni.cpp, line 709]
Event: 3.963 Thread 0x0000000002850800 Exception <a 'java/io/FileNotFoundException'> (0x0000000770ef2140) thrown at [C:\re\workspace\8-2-build-windows-amd64-cygwin\jdk8u121\8372\hotspot\src\share\vm\prims\jni.cpp, line 709]
Event: 3.963 Thread 0x0000000002850800 Exception <a 'java/io/FileNotFoundException'> (0x0000000770ef3580) thrown at [C:\re\workspace\8-2-build-windows-amd64-cygwin\jdk8u121\8372\hotspot\src\share\vm\prims\jni.cpp, line 709]
Event: 6.164 Thread 0x0000000002850800 Implicit null exception at 0x0000000003294365 to 0x00000000032948cd
Event: 6.738 Thread 0x000000002127a000 Implicit null exception at 0x0000000003e567f5 to 0x0000000003e569bc
Event: 10.863 Thread 0x000000002127a000 Implicit null exception at 0x000000000356dc0c to 0x000000000356e301

Events (10 events):
Event: 14.174 Thread 0x000000001e329000 flushing nmethod 0x0000000003784b10
Event: 14.174 Thread 0x000000001e329000 flushing nmethod 0x00000000037d9110
Event: 14.174 Thread 0x000000001e329000 flushing nmethod 0x00000000037faa50
Event: 14.223 Thread 0x000000001e329000 flushing nmethod 0x000000000381d710
Event: 14.223 Thread 0x000000001e329000 flushing nmethod 0x0000000003833b10
Event: 14.223 Thread 0x000000001e329000 flushing nmethod 0x0000000003842610
Event: 14.223 Thread 0x000000001e329000 flushing nmethod 0x00000000038608d0
Event: 14.223 Thread 0x000000001e329000 flushing nmethod 0x00000000038c7950
Event: 14.226 Thread 0x000000001e329000 flushing nmethod 0x00000000039ed110
Event: 14.226 Thread 0x000000001e329000 flushing nmethod 0x0000000003a3bd50


Dynamic libraries:
0x00007ff786220000 - 0x00007ff786257000 	C:\jdk8\bin\javaw.exe
0x00007ff877350000 - 0x00007ff877521000 	C:\WINDOWS\SYSTEM32\ntdll.dll
0x00007ff8757e0000 - 0x00007ff87588b000 	C:\WINDOWS\System32\KERNEL32.DLL
0x00007ff873b00000 - 0x00007ff873d1d000 	C:\WINDOWS\System32\KERNELBASE.dll
0x0000000062b80000 - 0x0000000062c2e000 	C:\Program Files\Bitdefender\Bitdefender 2017\Active Virus Control\Avc3_00110_004\avcuf64.dll
0x00007ff877160000 - 0x00007ff877202000 	C:\WINDOWS\System32\ADVAPI32.dll
0x00007ff874e90000 - 0x00007ff874f2e000 	C:\WINDOWS\System32\msvcrt.dll
0x00007ff874d60000 - 0x00007ff874db9000 	C:\WINDOWS\System32\sechost.dll
0x00007ff877220000 - 0x00007ff877341000 	C:\WINDOWS\System32\RPCRT4.dll
0x00007ff876e90000 - 0x00007ff876ff5000 	C:\WINDOWS\System32\USER32.dll
0x00007ff873840000 - 0x00007ff87385e000 	C:\WINDOWS\System32\win32u.dll
0x00007ff874bb0000 - 0x00007ff874be4000 	C:\WINDOWS\System32\GDI32.dll
0x00007ff873900000 - 0x00007ff873a82000 	C:\WINDOWS\System32\gdi32full.dll
0x00007ff86b9f0000 - 0x00007ff86bc6a000 	C:\WINDOWS\WinSxS\amd64_microsoft.windows.common-controls_6595b64144ccf1df_6.0.14393.953_none_42151e83c686086b\COMCTL32.dll
0x00007ff8748e0000 - 0x00007ff874ba8000 	C:\WINDOWS\System32\combase.dll
0x00007ff873d20000 - 0x00007ff873e15000 	C:\WINDOWS\System32\ucrtbase.dll
0x00007ff873a90000 - 0x00007ff873afa000 	C:\WINDOWS\System32\bcryptPrimitives.dll
0x00007ff8757b0000 - 0x00007ff8757de000 	C:\WINDOWS\System32\IMM32.DLL
0x0000000062200000 - 0x00000000622d2000 	C:\jdk8\jre\bin\msvcr100.dll
0x00000000622e0000 - 0x0000000062b7b000 	C:\jdk8\jre\bin\server\jvm.dll
0x00007ff874d50000 - 0x00007ff874d58000 	C:\WINDOWS\System32\PSAPI.DLL
0x00007ff864920000 - 0x00007ff864929000 	C:\WINDOWS\SYSTEM32\WSOCK32.dll
0x00007ff875890000 - 0x00007ff8758fa000 	C:\WINDOWS\System32\WS2_32.dll
0x00007ff871a10000 - 0x00007ff871a33000 	C:\WINDOWS\SYSTEM32\WINMM.dll
0x00007ff870c50000 - 0x00007ff870c5a000 	C:\WINDOWS\SYSTEM32\VERSION.dll
0x00007ff8719e0000 - 0x00007ff871a0b000 	C:\WINDOWS\SYSTEM32\WINMMBASE.dll
0x00007ff874890000 - 0x00007ff8748d2000 	C:\WINDOWS\System32\cfgmgr32.dll
0x00000000621f0000 - 0x00000000621ff000 	C:\jdk8\jre\bin\verify.dll
0x00000000621c0000 - 0x00000000621e9000 	C:\jdk8\jre\bin\java.dll
0x00000000621a0000 - 0x00000000621b6000 	C:\jdk8\jre\bin\zip.dll
0x00007ff875920000 - 0x00007ff876e29000 	C:\WINDOWS\System32\SHELL32.dll
0x00007ff873ed0000 - 0x00007ff8745aa000 	C:\WINDOWS\System32\windows.storage.dll
0x00007ff8737c0000 - 0x00007ff87380c000 	C:\WINDOWS\System32\powrprof.dll
0x00007ff876e30000 - 0x00007ff876e82000 	C:\WINDOWS\System32\shlwapi.dll
0x00007ff8737b0000 - 0x00007ff8737bf000 	C:\WINDOWS\System32\kernel.appcore.dll
0x00007ff8745b0000 - 0x00007ff874659000 	C:\WINDOWS\System32\shcore.dll
0x00007ff873820000 - 0x00007ff873834000 	C:\WINDOWS\System32\profapi.dll
0x0000000062180000 - 0x000000006219a000 	C:\jdk8\jre\bin\net.dll
0x00007ff8730e0000 - 0x00007ff87313c000 	C:\WINDOWS\system32\mswsock.dll
0x0000000062160000 - 0x0000000062171000 	C:\jdk8\jre\bin\nio.dll
0x00007ff873280000 - 0x00007ff873297000 	C:\WINDOWS\SYSTEM32\CRYPTSP.dll
0x00007ff872c80000 - 0x00007ff872cb3000 	C:\WINDOWS\system32\rsaenh.dll
0x00007ff873630000 - 0x00007ff87365b000 	C:\WINDOWS\SYSTEM32\bcrypt.dll
0x00007ff872f60000 - 0x00007ff872f7f000 	C:\WINDOWS\SYSTEM32\USERENV.dll
0x00007ff8732a0000 - 0x00007ff8732ab000 	C:\WINDOWS\SYSTEM32\CRYPTBASE.dll
0x00007ff872e60000 - 0x00007ff872e98000 	C:\WINDOWS\SYSTEM32\IPHLPAPI.DLL
0x00007ff8751d0000 - 0x00007ff8751d8000 	C:\WINDOWS\System32\NSI.dll
0x00007ff870960000 - 0x00007ff870976000 	C:\WINDOWS\SYSTEM32\dhcpcsvc6.DLL
0x00007ff870940000 - 0x00007ff87095a000 	C:\WINDOWS\SYSTEM32\dhcpcsvc.DLL

VM Arguments:
jvm_args: -Dmaven.home=EMBEDDED -Dclassworlds.conf=C:\QATEclipseWorkSpace\.metadata\.plugins\org.eclipse.m2e.launching\launches\m2conf3376737749438920063.tmp -Dmaven.multiModuleProjectDirectory=C:\QATEclipseWorkSpace\contabil-front -Dfile.encoding=Cp1252 
java_command: org.codehaus.plexus.classworlds.launcher.Launcher -B clean install
java_class_path (initial): /C:/eclipse/plugins/org.eclipse.m2e.maven.runtime_1.7.0.20160603-1931/jars/plexus-classworlds-2.5.2.jar
Launcher Type: SUN_STANDARD

Environment Variables:
JAVA_HOME=c:\jdk8
PATH=c:/jdk8/bin/../jre/bin/server;c:/jdk8/bin/../jre/bin;c:/jdk8/bin/../jre/lib/amd64;C:\WINDOWS\system32;C:\WINDOWS;C:\WINDOWS\System32\Wbem;C:\WINDOWS\System32\WindowsPowerShell\v1.0\;C:\Program Files (x86)\Skype\Phone\;c:\jdk8\bin;C:\Apache\apache-maven-3.3.9\bin;C:\Users\QAT-EMPLOYEE\AppData\Local\Microsoft\WindowsApps;;C:\eclipse;
USERNAME=QAT-EMPLOYEE
OS=Windows_NT
PROCESSOR_IDENTIFIER=Intel64 Family 6 Model 60 Stepping 3, GenuineIntel



---------------  S Y S T E M  ---------------

OS: Windows 10.0 , 64 bit Build 14393 (10.0.14393.0)

CPU:total 8 (4 cores per cpu, 2 threads per core) family 6 model 60 stepping 3, cmov, cx8, fxsr, mmx, sse, sse2, sse3, ssse3, sse4.1, sse4.2, popcnt, avx, avx2, aes, clmul, erms, lzcnt, ht, tsc, tscinvbit, bmi1, bmi2

Memory: 4k page, physical 16727240k(1826920k free), swap 16727240k(5248k free)

vm_info: Java HotSpot(TM) 64-Bit Server VM (25.121-b13) for windows-amd64 JRE (1.8.0_121-b13), built on Dec 12 2016 18:21:36 by "java_re" with MS VC++ 10.0 (VS2010)

time: Wed Mar 22 09:13:18 2017
elapsed time: 14 seconds (0d 0h 0m 14s)

