#
# There is insufficient memory for the Java Runtime Environment to continue.
# Native memory allocation (malloc) failed to allocate 1048576 bytes for AllocateHeap
# Possible reasons:
#   The system is out of physical RAM or swap space
#   In 32 bit mode, the process size limit was hit
# Possible solutions:
#   Reduce memory load on the system
#   Increase physical memory or swap space
#   Check if swap backing store is full
#   Use 64 bit Java on a 64 bit OS
#   Decrease Java heap size (-Xmx/-Xms)
#   Decrease number of Java threads
#   Decrease Java thread stack sizes (-Xss)
#   Set larger code cache with -XX:ReservedCodeCacheSize=
# This output file may be truncated or incomplete.
#
#  Out of Memory Error (memory/allocation.inline.hpp:61), pid=8644, tid=0x0000000000000608
#
# JRE version:  (8.0_121-b13) (build )
# Java VM: Java HotSpot(TM) 64-Bit Server VM (25.121-b13 mixed mode windows-amd64 compressed oops)
# Failed to write core dump. Minidumps are not enabled by default on client versions of Windows
#

---------------  T H R E A D  ---------------

Current thread (0x0000000002430800):  JavaThread "Unknown thread" [_thread_in_vm, id=1544, stack(0x0000000002310000,0x0000000002410000)]

Stack: [0x0000000002310000,0x0000000002410000]
[error occurred during error reporting (printing stack bounds), id 0xc0000005]

Native frames: (J=compiled Java code, j=interpreted, Vv=VM code, C=native code)


---------------  P R O C E S S  ---------------

Java Threads: ( => current thread )

Other Threads:

=>0x0000000002430800 (exited) JavaThread "Unknown thread" [_thread_in_vm, id=1544, stack(0x0000000002310000,0x0000000002410000)]

VM state:not at safepoint (normal execution)

VM Mutex/Monitor currently owned by a thread: None

Heap:
 PSYoungGen      total 76288K, used 1310K [0x000000076af00000, 0x0000000770400000, 0x00000007c0000000)
  eden space 65536K, 2% used [0x000000076af00000,0x000000076b047af0,0x000000076ef00000)
  from space 10752K, 0% used [0x000000076f980000,0x000000076f980000,0x0000000770400000)
  to   space 10752K, 0% used [0x000000076ef00000,0x000000076ef00000,0x000000076f980000)
 ParOldGen       total 175104K, used 0K [0x00000006c0c00000, 0x00000006cb700000, 0x000000076af00000)
  object space 175104K, 0% used [0x00000006c0c00000,0x00000006c0c00000,0x00000006cb700000)
 Metaspace       used 770K, capacity 4480K, committed 4480K, reserved 1056768K
  class space    used 75K, capacity 384K, committed 384K, reserved 1048576K

Card table byte_map: [0x00000000118f0000,0x00000000120f0000] byte_map_base: 0x000000000e2ea000

Marking Bits: (ParMarkBitMap*) 0x0000000062afb6d0
 Begin Bits: [0x0000000012e50000, 0x0000000016e20000)
 End Bits:   [0x0000000016e20000, 0x000000001adf0000)

Polling page: 0x0000000000aa0000

CodeCache: size=245760Kb used=328Kb max_used=328Kb free=245431Kb
 bounds [0x0000000002530000, 0x00000000027a0000, 0x0000000011530000]
 total_blobs=58 nmethods=0 adapters=38
 compilation: enabled

Compilation events (0 events):
No events

GC Heap History (0 events):
No events

Deoptimization events (0 events):
No events

Internal exceptions (0 events):
No events

Events (10 events):
Event: 0.016 loading class java/lang/Short
Event: 0.016 loading class java/lang/Short done
Event: 0.016 loading class java/lang/Integer
Event: 0.017 loading class java/lang/Integer done
Event: 0.017 loading class java/lang/Long
Event: 0.017 loading class java/lang/Long done
Event: 0.017 loading class java/lang/NullPointerException
Event: 0.017 loading class java/lang/NullPointerException done
Event: 0.017 loading class java/lang/ArithmeticException
Event: 0.017 loading class java/lang/ArithmeticException done


Dynamic libraries:
0x00007ff75d7f0000 - 0x00007ff75d827000 	C:\jdk8\jre\bin\java.exe
0x00007ff877350000 - 0x00007ff877521000 	C:\WINDOWS\SYSTEM32\ntdll.dll
0x00007ff8757e0000 - 0x00007ff87588b000 	C:\WINDOWS\System32\KERNEL32.DLL
0x00007ff873b00000 - 0x00007ff873d1d000 	C:\WINDOWS\System32\KERNELBASE.dll
0x0000000062b80000 - 0x0000000062c2e000 	C:\Program Files\Bitdefender\Bitdefender 2017\Active Virus Control\Avc3_00110_004\avcuf64.dll
0x00007ff877160000 - 0x00007ff877202000 	C:\WINDOWS\System32\ADVAPI32.dll
0x00007ff874e90000 - 0x00007ff874f2e000 	C:\WINDOWS\System32\msvcrt.dll
0x00007ff874d60000 - 0x00007ff874db9000 	C:\WINDOWS\System32\sechost.dll
0x00007ff877220000 - 0x00007ff877341000 	C:\WINDOWS\System32\RPCRT4.dll
0x00007ff876e90000 - 0x00007ff876ff5000 	C:\WINDOWS\System32\USER32.dll
0x00007ff873840000 - 0x00007ff87385e000 	C:\WINDOWS\System32\win32u.dll
0x00007ff874bb0000 - 0x00007ff874be4000 	C:\WINDOWS\System32\GDI32.dll
0x00007ff873900000 - 0x00007ff873a82000 	C:\WINDOWS\System32\gdi32full.dll
0x00007ff86b9f0000 - 0x00007ff86bc6a000 	C:\WINDOWS\WinSxS\amd64_microsoft.windows.common-controls_6595b64144ccf1df_6.0.14393.953_none_42151e83c686086b\COMCTL32.dll
0x00007ff8748e0000 - 0x00007ff874ba8000 	C:\WINDOWS\System32\combase.dll
0x00007ff873d20000 - 0x00007ff873e15000 	C:\WINDOWS\System32\ucrtbase.dll
0x00007ff873a90000 - 0x00007ff873afa000 	C:\WINDOWS\System32\bcryptPrimitives.dll
0x00007ff8757b0000 - 0x00007ff8757de000 	C:\WINDOWS\System32\IMM32.DLL
0x0000000062200000 - 0x00000000622d2000 	C:\jdk8\jre\bin\msvcr100.dll
0x00000000622e0000 - 0x0000000062b7b000 	C:\jdk8\jre\bin\server\jvm.dll
0x00007ff874d50000 - 0x00007ff874d58000 	C:\WINDOWS\System32\PSAPI.DLL
0x00007ff864920000 - 0x00007ff864929000 	C:\WINDOWS\SYSTEM32\WSOCK32.dll
0x00007ff875890000 - 0x00007ff8758fa000 	C:\WINDOWS\System32\WS2_32.dll
0x00007ff871a10000 - 0x00007ff871a33000 	C:\WINDOWS\SYSTEM32\WINMM.dll
0x00007ff870c50000 - 0x00007ff870c5a000 	C:\WINDOWS\SYSTEM32\VERSION.dll
0x00007ff8719e0000 - 0x00007ff871a0b000 	C:\WINDOWS\SYSTEM32\WINMMBASE.dll
0x00007ff874890000 - 0x00007ff8748d2000 	C:\WINDOWS\System32\cfgmgr32.dll
0x00000000621f0000 - 0x00000000621ff000 	C:\jdk8\jre\bin\verify.dll
0x00000000621c0000 - 0x00000000621e9000 	C:\jdk8\jre\bin\java.dll
0x00000000621a0000 - 0x00000000621b6000 	C:\jdk8\jre\bin\zip.dll

VM Arguments:
java_command: C:\QATEclipseWorkSpace\contabil-front\target\surefire\surefirebooter7907544899204030743.jar C:\QATEclipseWorkSpace\contabil-front\target\surefire\surefire1467447144108204464tmp C:\QATEclipseWorkSpace\contabil-front\target\surefire\surefire_08842582717053080194tmp
java_class_path (initial): C:\QATEclipseWorkSpace\contabil-front\target\surefire\surefirebooter7907544899204030743.jar
Launcher Type: SUN_STANDARD

Environment Variables:
JAVA_HOME=c:\jdk8
PATH=c:/jdk8/bin/../jre/bin/server;c:/jdk8/bin/../jre/bin;c:/jdk8/bin/../jre/lib/amd64;C:\WINDOWS\system32;C:\WINDOWS;C:\WINDOWS\System32\Wbem;C:\WINDOWS\System32\WindowsPowerShell\v1.0\;C:\Program Files (x86)\Skype\Phone\;c:\jdk8\bin;C:\Apache\apache-maven-3.3.9\bin;C:\Users\QAT-EMPLOYEE\AppData\Local\Microsoft\WindowsApps;;C:\eclipse;
USERNAME=QAT-EMPLOYEE
OS=Windows_NT
PROCESSOR_IDENTIFIER=Intel64 Family 6 Model 60 Stepping 3, GenuineIntel



---------------  S Y S T E M  ---------------

OS: Windows 10.0 , 64 bit Build 14393 (10.0.14393.0)

CPU:total 8 (4 cores per cpu, 2 threads per core) family 6 model 60 stepping 3, cmov, cx8, fxsr, mmx, sse, sse2, sse3, ssse3, sse4.1, sse4.2, popcnt, avx, avx2, aes, clmul, erms, lzcnt, ht, tsc, tscinvbit, bmi1, bmi2

Memory: 4k page, physical 16727240k(2054024k free), swap 16727240k(6112k free)

vm_info: Java HotSpot(TM) 64-Bit Server VM (25.121-b13) for windows-amd64 JRE (1.8.0_121-b13), built on Dec 12 2016 18:21:36 by "java_re" with MS VC++ 10.0 (VS2010)

time: Wed Mar 22 09:12:01 2017
elapsed time: 0 seconds (0d 0h 0m 0s)

